#
# There is insufficient memory for the Java Runtime Environment to continue.
# Native memory allocation (mmap) failed to map 60817408 bytes for committing reserved memory.
# Possible reasons:
#   The system is out of physical RAM or swap space
#   In 32 bit mode, the process size limit was hit
# Possible solutions:
#   Reduce memory load on the system
#   Increase physical memory or swap space
#   Check if swap backing store is full
#   Use 64 bit Java on a 64 bit OS
#   Decrease Java heap size (-Xmx/-Xms)
#   Decrease number of Java threads
#   Decrease Java thread stack sizes (-Xss)
#   Set larger code cache with -XX:ReservedCodeCacheSize=
# This output file may be truncated or incomplete.
#
#  Out of Memory Error (os_linux.cpp:2627), pid=14377, tid=0x00007f4eacafa700
#
# JRE version: Java(TM) SE Runtime Environment (8.0_111-b14) (build 1.8.0_111-b14)
# Java VM: Java HotSpot(TM) 64-Bit Server VM (25.111-b14 mixed mode linux-amd64 compressed oops)
# Failed to write core dump. Core dumps have been disabled. To enable core dumping, try "ulimit -c unlimited" before starting Java again
#

---------------  T H R E A D  ---------------

Current thread (0x00007f4ebc077800):  VMThread [stack: 0x00007f4eac9fa000,0x00007f4eacafb000] [id=14387]

Stack: [0x00007f4eac9fa000,0x00007f4eacafb000],  sp=0x00007f4eacaf90a0,  free space=1020k
Native frames: (J=compiled Java code, j=interpreted, Vv=VM code, C=native code)
V  [libjvm.so+0xac5c2a]  VMError::report_and_die()+0x2ba
V  [libjvm.so+0x4fc50b]  report_vm_out_of_memory(char const*, int, unsigned long, VMErrorType, char const*)+0x8b
V  [libjvm.so+0x922ae3]  os::Linux::commit_memory_impl(char*, unsigned long, bool)+0x103
V  [libjvm.so+0x923039]  os::pd_commit_memory(char*, unsigned long, unsigned long, bool)+0x29
V  [libjvm.so+0x91d33a]  os::commit_memory(char*, unsigned long, unsigned long, bool)+0x2a
V  [libjvm.so+0x991ac3]  PSVirtualSpace::expand_by(unsigned long)+0x53
V  [libjvm.so+0x992ec8]  PSYoungGen::resize_generation(unsigned long, unsigned long)+0xf8
V  [libjvm.so+0x992022]  PSYoungGen::resize(unsigned long, unsigned long)+0x22
V  [libjvm.so+0x98f2fb]  PSScavenge::invoke_no_policy()+0xf3b
V  [libjvm.so+0x98fa81]  PSScavenge::invoke()+0x41
V  [libjvm.so+0x9467d0]  ParallelScavengeHeap::failed_mem_allocate(unsigned long)+0x70
V  [libjvm.so+0xac7647]  VM_ParallelGCFailedAllocation::doit()+0x97
V  [libjvm.so+0xacf125]  VM_Operation::evaluate()+0x55
V  [libjvm.so+0xacd4fa]  VMThread::evaluate_operation(VM_Operation*)+0xba
V  [libjvm.so+0xacd87e]  VMThread::loop()+0x1ce
V  [libjvm.so+0xacdcf0]  VMThread::run()+0x70
V  [libjvm.so+0x924ea8]  java_start(Thread*)+0x108

VM_Operation (0x00007f4ec5232410): ParallelGCFailedAllocation, mode: safepoint, requested by thread 0x00007f4ebc009800


---------------  P R O C E S S  ---------------

Java Threads: ( => current thread )
  0x00007f4ebc0c8800 JavaThread "Service Thread" daemon [_thread_blocked, id=14394, stack(0x00007f4eac01b000,0x00007f4eac11c000)]
  0x00007f4ebc0bd000 JavaThread "C1 CompilerThread2" daemon [_thread_blocked, id=14393, stack(0x00007f4eac11c000,0x00007f4eac21d000)]
  0x00007f4ebc0bb800 JavaThread "C2 CompilerThread1" daemon [_thread_blocked, id=14392, stack(0x00007f4eac21d000,0x00007f4eac31e000)]
  0x00007f4ebc0b8800 JavaThread "C2 CompilerThread0" daemon [_thread_blocked, id=14391, stack(0x00007f4eac31e000,0x00007f4eac41f000)]
  0x00007f4ebc0b7000 JavaThread "Signal Dispatcher" daemon [_thread_blocked, id=14390, stack(0x00007f4eac41f000,0x00007f4eac520000)]
  0x00007f4ebc084000 JavaThread "Finalizer" daemon [_thread_blocked, id=14389, stack(0x00007f4eac7f8000,0x00007f4eac8f9000)]
  0x00007f4ebc07f000 JavaThread "Reference Handler" daemon [_thread_blocked, id=14388, stack(0x00007f4eac8f9000,0x00007f4eac9fa000)]
  0x00007f4ebc009800 JavaThread "main" [_thread_blocked, id=14382, stack(0x00007f4ec5135000,0x00007f4ec5236000)]

Other Threads:
=>0x00007f4ebc077800 VMThread [stack: 0x00007f4eac9fa000,0x00007f4eacafb000] [id=14387]
  0x00007f4ebc0cb000 WatcherThread [stack: 0x00007f4ea7eff000,0x00007f4ea8000000] [id=14395]

VM state:at safepoint (normal execution)

VM Mutex/Monitor currently owned by a thread:  ([mutex/lock_event])
[0x00007f4ebc005fd0] Threads_lock - owner thread: 0x00007f4ebc077800
[0x00007f4ebc0064d0] Heap_lock - owner thread: 0x00007f4ebc009800

Heap:
 PSYoungGen      total 239104K, used 30208K [0x00000000eb800000, 0x00000000fc600000, 0x0000000100000000)
  eden space 208896K, 0% used [0x00000000eb800000,0x00000000eb800000,0x00000000f8400000)
  from space 30208K, 100% used [0x00000000f8b00000,0x00000000fa880000,0x00000000fa880000)
  to   space 24064K, 0% used [0x00000000fae80000,0x00000000fae80000,0x00000000fc600000)
 ParOldGen       total 35840K, used 25207K [0x00000000c2800000, 0x00000000c4b00000, 0x00000000eb800000)
  object space 35840K, 70% used [0x00000000c2800000,0x00000000c409dd58,0x00000000c4b00000)
 Metaspace       used 4027K, capacity 5400K, committed 5760K, reserved 1056768K
  class space    used 463K, capacity 520K, committed 640K, reserved 1048576K

Card table byte_map: [0x00007f4ec1cef000,0x00007f4ec1edc000] byte_map_base: 0x00007f4ec16db000

Marking Bits: (ParMarkBitMap*) 0x00007f4ec4605220
 Begin Bits: [0x00007f4ea3140000, 0x00007f4ea40a0000)
 End Bits:   [0x00007f4ea40a0000, 0x00007f4ea5000000)

Polling page: 0x00007f4ec5254000

CodeCache: size=245760Kb used=2908Kb max_used=2931Kb free=242851Kb
 bounds [0x00007f4ead000000, 0x00007f4ead2e0000, 0x00007f4ebc000000]
 total_blobs=751 nmethods=503 adapters=162
 compilation: enabled

Compilation events (10 events):
Event: 1.882 Thread 0x00007f4ebc0bd000 nmethod 504 0x00007f4ead2ac310 code [0x00007f4ead2ac480, 0x00007f4ead2ac6c8]
Event: 1.884 Thread 0x00007f4ebc0bd000  505       3       org.antlr.v4.runtime.misc.FlexibleHashMap::createEntryListArray (10 bytes)
Event: 1.884 Thread 0x00007f4ebc0bd000 nmethod 505 0x00007f4ead2d2950 code [0x00007f4ead2d2ac0, 0x00007f4ead2d2c70]
Event: 1.938 Thread 0x00007f4ebc0bb800  506       4       org.antlr.v4.runtime.atn.ATNConfig::hashCode (53 bytes)
Event: 1.939 Thread 0x00007f4ebc0bb800 nmethod 506 0x00007f4ead2d1010 code [0x00007f4ead2d1160, 0x00007f4ead2d1358]
Event: 1.940 Thread 0x00007f4ebc0bb800  507       4       java.util.LinkedList::listIterator (15 bytes)
Event: 1.942 Thread 0x00007f4ebc0bb800 nmethod 507 0x00007f4ead2d5310 code [0x00007f4ead2d5460, 0x00007f4ead2d5618]
Event: 1.946 Thread 0x00007f4ebc0bd000  508       3       java.util.BitSet::checkInvariants (111 bytes)
Event: 1.946 Thread 0x00007f4ebc0bd000 nmethod 508 0x00007f4ead2d25d0 code [0x00007f4ead2d2740, 0x00007f4ead2d28d0]
Event: 1.966 Thread 0x00007f4ebc0b8800 nmethod 502 0x00007f4ead2d9dd0 code [0x00007f4ead2da1c0, 0x00007f4ead2dcf68]

GC Heap History (10 events):
Event: 1.091 GC heap after
Heap after GC invocations=5 (full 0):
 PSYoungGen      total 66048K, used 2544K [0x00000000eb800000, 0x00000000f4600000, 0x0000000100000000)
  eden space 63488K, 0% used [0x00000000eb800000,0x00000000eb800000,0x00000000ef600000)
  from space 2560K, 99% used [0x00000000ef600000,0x00000000ef87c020,0x00000000ef880000)
  to   space 9216K, 0% used [0x00000000f3d00000,0x00000000f3d00000,0x00000000f4600000)
 ParOldGen       total 42496K, used 8757K [0x00000000c2800000, 0x00000000c5180000, 0x00000000eb800000)
  object space 42496K, 20% used [0x00000000c2800000,0x00000000c308d558,0x00000000c5180000)
 Metaspace       used 4012K, capacity 5400K, committed 5760K, reserved 1056768K
  class space    used 463K, capacity 520K, committed 640K, reserved 1048576K
}
Event: 1.261 GC heap before
{Heap before GC invocations=6 (full 0):
 PSYoungGen      total 66048K, used 66032K [0x00000000eb800000, 0x00000000f4600000, 0x0000000100000000)
  eden space 63488K, 100% used [0x00000000eb800000,0x00000000ef600000,0x00000000ef600000)
  from space 2560K, 99% used [0x00000000ef600000,0x00000000ef87c020,0x00000000ef880000)
  to   space 9216K, 0% used [0x00000000f3d00000,0x00000000f3d00000,0x00000000f4600000)
 ParOldGen       total 42496K, used 8757K [0x00000000c2800000, 0x00000000c5180000, 0x00000000eb800000)
  object space 42496K, 20% used [0x00000000c2800000,0x00000000c308d558,0x00000000c5180000)
 Metaspace       used 4014K, capacity 5400K, committed 5760K, reserved 1056768K
  class space    used 463K, capacity 520K, committed 640K, reserved 1048576K
Event: 1.293 GC heap after
Heap after GC invocations=6 (full 0):
 PSYoungGen      total 123392K, used 9216K [0x00000000eb800000, 0x00000000f5f00000, 0x0000000100000000)
  eden space 114176K, 0% used [0x00000000eb800000,0x00000000eb800000,0x00000000f2780000)
  from space 9216K, 100% used [0x00000000f3d00000,0x00000000f4600000,0x00000000f4600000)
  to   space 22016K, 0% used [0x00000000f2780000,0x00000000f2780000,0x00000000f3d00000)
 ParOldGen       total 42496K, used 27653K [0x00000000c2800000, 0x00000000c5180000, 0x00000000eb800000)
  object space 42496K, 65% used [0x00000000c2800000,0x00000000c4301768,0x00000000c5180000)
 Metaspace       used 4014K, capacity 5400K, committed 5760K, reserved 1056768K
  class space    used 463K, capacity 520K, committed 640K, reserved 1048576K
}
Event: 1.516 GC heap before
{Heap before GC invocations=7 (full 0):
 PSYoungGen      total 123392K, used 123392K [0x00000000eb800000, 0x00000000f5f00000, 0x0000000100000000)
  eden space 114176K, 100% used [0x00000000eb800000,0x00000000f2780000,0x00000000f2780000)
  from space 9216K, 100% used [0x00000000f3d00000,0x00000000f4600000,0x00000000f4600000)
  to   space 22016K, 0% used [0x00000000f2780000,0x00000000f2780000,0x00000000f3d00000)
 ParOldGen       total 42496K, used 27653K [0x00000000c2800000, 0x00000000c5180000, 0x00000000eb800000)
  object space 42496K, 65% used [0x00000000c2800000,0x00000000c4301768,0x00000000c5180000)
 Metaspace       used 4015K, capacity 5400K, committed 5760K, reserved 1056768K
  class space    used 463K, capacity 520K, committed 640K, reserved 1048576K
Event: 1.575 GC heap after
Heap after GC invocations=7 (full 0):
 PSYoungGen      total 136192K, used 15552K [0x00000000eb800000, 0x00000000fc600000, 0x0000000100000000)
  eden space 114176K, 0% used [0x00000000eb800000,0x00000000eb800000,0x00000000f2780000)
  from space 22016K, 70% used [0x00000000f2780000,0x00000000f36b0020,0x00000000f3d00000)
  to   space 24064K, 0% used [0x00000000fae80000,0x00000000fae80000,0x00000000fc600000)
 ParOldGen       total 42496K, used 28653K [0x00000000c2800000, 0x00000000c5180000, 0x00000000eb800000)
  object space 42496K, 67% used [0x00000000c2800000,0x00000000c43fb768,0x00000000c5180000)
 Metaspace       used 4015K, capacity 5400K, committed 5760K, reserved 1056768K
  class space    used 463K, capacity 520K, committed 640K, reserved 1048576K
}
Event: 1.575 GC heap before
{Heap before GC invocations=8 (full 1):
 PSYoungGen      total 136192K, used 15552K [0x00000000eb800000, 0x00000000fc600000, 0x0000000100000000)
  eden space 114176K, 0% used [0x00000000eb800000,0x00000000eb800000,0x00000000f2780000)
  from space 22016K, 70% used [0x00000000f2780000,0x00000000f36b0020,0x00000000f3d00000)
  to   space 24064K, 0% used [0x00000000fae80000,0x00000000fae80000,0x00000000fc600000)
 ParOldGen       total 42496K, used 28653K [0x00000000c2800000, 0x00000000c5180000, 0x00000000eb800000)
  object space 42496K, 67% used [0x00000000c2800000,0x00000000c43fb768,0x00000000c5180000)
 Metaspace       used 4015K, capacity 5400K, committed 5760K, reserved 1056768K
  class space    used 463K, capacity 520K, committed 640K, reserved 1048576K
Event: 1.612 GC heap after
Heap after GC invocations=8 (full 1):
 PSYoungGen      total 136192K, used 0K [0x00000000eb800000, 0x00000000fc600000, 0x0000000100000000)
  eden space 114176K, 0% used [0x00000000eb800000,0x00000000eb800000,0x00000000f2780000)
  from space 22016K, 0% used [0x00000000f2780000,0x00000000f2780000,0x00000000f3d00000)
  to   space 24064K, 0% used [0x00000000fae80000,0x00000000fae80000,0x00000000fc600000)
 ParOldGen       total 35840K, used 2439K [0x00000000c2800000, 0x00000000c4b00000, 0x00000000eb800000)
  object space 35840K, 6% used [0x00000000c2800000,0x00000000c2a61d28,0x00000000c4b00000)
 Metaspace       used 4015K, capacity 5400K, committed 5760K, reserved 1056768K
  class space    used 463K, capacity 520K, committed 640K, reserved 1048576K
}
Event: 1.754 GC heap before
{Heap before GC invocations=9 (full 1):
 PSYoungGen      total 136192K, used 114176K [0x00000000eb800000, 0x00000000fc600000, 0x0000000100000000)
  eden space 114176K, 100% used [0x00000000eb800000,0x00000000f2780000,0x00000000f2780000)
  from space 22016K, 0% used [0x00000000f2780000,0x00000000f2780000,0x00000000f3d00000)
  to   space 24064K, 0% used [0x00000000fae80000,0x00000000fae80000,0x00000000fc600000)
 ParOldGen       total 35840K, used 2439K [0x00000000c2800000, 0x00000000c4b00000, 0x00000000eb800000)
  object space 35840K, 6% used [0x00000000c2800000,0x00000000c2a61d28,0x00000000c4b00000)
 Metaspace       used 4026K, capacity 5400K, committed 5760K, reserved 1056768K
  class space    used 463K, capacity 520K, committed 640K, reserved 1048576K
Event: 1.785 GC heap after
Heap after GC invocations=9 (full 1):
 PSYoungGen      total 232960K, used 24032K [0x00000000eb800000, 0x00000000fc600000, 0x0000000100000000)
  eden space 208896K, 0% used [0x00000000eb800000,0x00000000eb800000,0x00000000f8400000)
  from space 24064K, 99% used [0x00000000fae80000,0x00000000fc5f8020,0x00000000fc600000)
  to   space 30208K, 0% used [0x00000000f8b00000,0x00000000f8b00000,0x00000000fa880000)
 ParOldGen       total 35840K, used 5559K [0x00000000c2800000, 0x00000000c4b00000, 0x00000000eb800000)
  object space 35840K, 15% used [0x00000000c2800000,0x00000000c2d6dd28,0x00000000c4b00000)
 Metaspace       used 4026K, capacity 5400K, committed 5760K, reserved 1056768K
  class space    used 463K, capacity 520K, committed 640K, reserved 1048576K
}
Event: 2.052 GC heap before
{Heap before GC invocations=10 (full 1):
 PSYoungGen      total 232960K, used 232928K [0x00000000eb800000, 0x00000000fc600000, 0x0000000100000000)
  eden space 208896K, 100% used [0x00000000eb800000,0x00000000f8400000,0x00000000f8400000)
  from space 24064K, 99% used [0x00000000fae80000,0x00000000fc5f8020,0x00000000fc600000)
  to   space 30208K, 0% used [0x00000000f8b00000,0x00000000f8b00000,0x00000000fa880000)
 ParOldGen       total 35840K, used 5559K [0x00000000c2800000, 0x00000000c4b00000, 0x00000000eb800000)
  object space 35840K, 15% used [0x00000000c2800000,0x00000000c2d6dd28,0x00000000c4b00000)
 Metaspace       used 4027K, capacity 5400K, committed 5760K, reserved 1056768K
  class space    used 463K, capacity 520K, committed 640K, reserved 1048576K

Deoptimization events (10 events):
Event: 1.063 Thread 0x00007f4ebc009800 Uncommon trap: reason=array_check action=maybe_recompile pc=0x00007f4ead221d04 method=org.antlr.v4.runtime.misc.Array2DHashSet.getOrAddImpl(Ljava/lang/Object;)Ljava/lang/Object; @ 128
Event: 1.110 Thread 0x00007f4ebc009800 Uncommon trap: reason=array_check action=maybe_recompile pc=0x00007f4ead221d04 method=org.antlr.v4.runtime.misc.Array2DHashSet.getOrAddImpl(Ljava/lang/Object;)Ljava/lang/Object; @ 128
Event: 1.175 Thread 0x00007f4ebc009800 Uncommon trap: reason=bimorphic action=maybe_recompile pc=0x00007f4ead223874 method=java.util.HashMap.getNode(ILjava/lang/Object;)Ljava/util/HashMap$Node; @ 126
Event: 1.200 Thread 0x00007f4ebc009800 Uncommon trap: reason=array_check action=maybe_recompile pc=0x00007f4ead219d94 method=org.antlr.v4.runtime.misc.Array2DHashSet.getOrAddImpl(Ljava/lang/Object;)Ljava/lang/Object; @ 133
Event: 1.235 Thread 0x00007f4ebc009800 Uncommon trap: reason=array_check action=maybe_recompile pc=0x00007f4ead219d94 method=org.antlr.v4.runtime.misc.Array2DHashSet.getOrAddImpl(Ljava/lang/Object;)Ljava/lang/Object; @ 133
Event: 1.670 Thread 0x00007f4ebc009800 Uncommon trap: reason=unstable_if action=reinterpret pc=0x00007f4ead27230c method=java.util.HashMap.getNode(ILjava/lang/Object;)Ljava/util/HashMap$Node; @ 62
Event: 1.686 Thread 0x00007f4ebc009800 Uncommon trap: reason=unstable_if action=reinterpret pc=0x00007f4ead22dc64 method=java.util.Arrays.equals([I[I)Z @ 23
Event: 1.857 Thread 0x00007f4ebc009800 Uncommon trap: reason=class_check action=maybe_recompile pc=0x00007f4ead26820c method=java.util.HashMap.putVal(ILjava/lang/Object;Ljava/lang/Object;ZZ)Ljava/lang/Object; @ 203
Event: 1.867 Thread 0x00007f4ebc009800 Uncommon trap: reason=unstable_if action=reinterpret pc=0x00007f4ead268134 method=java.util.HashMap.getNode(ILjava/lang/Object;)Ljava/util/HashMap$Node; @ 62
Event: 1.867 Thread 0x00007f4ebc009800 Uncommon trap: reason=class_check action=maybe_recompile pc=0x00007f4ead24b730 method=java.util.HashMap.putVal(ILjava/lang/Object;Ljava/lang/Object;ZZ)Ljava/lang/Object; @ 91

Internal exceptions (2 events):
Event: 0.042 Thread 0x00007f4ebc009800 Exception <a 'java/lang/NoSuchMethodError': Method sun.misc.Unsafe.defineClass(Ljava/lang/String;[BII)Ljava/lang/Class; name or signature does not match> (0x00000000eb807c78) thrown at [/HUDSON3/workspace/8-2-build-linux-amd64/jdk8u111/7883/hotspot/src/sh
Event: 0.042 Thread 0x00007f4ebc009800 Exception <a 'java/lang/NoSuchMethodError': Method sun.misc.Unsafe.prefetchRead(Ljava/lang/Object;J)V name or signature does not match> (0x00000000eb807f60) thrown at [/HUDSON3/workspace/8-2-build-linux-amd64/jdk8u111/7883/hotspot/src/share/vm/prims/jni.c

Events (10 events):
Event: 1.857 Thread 0x00007f4ebc009800 Uncommon trap: trap_request=0xffffffde fr.pc=0x00007f4ead26820c
Event: 1.857 Thread 0x00007f4ebc009800 DEOPT PACKING pc=0x00007f4ead26820c sp=0x00007f4ec5232460
Event: 1.857 Thread 0x00007f4ebc009800 DEOPT UNPACKING pc=0x00007f4ead005229 sp=0x00007f4ec5232330 mode 2
Event: 1.867 Thread 0x00007f4ebc009800 Uncommon trap: trap_request=0xffffff65 fr.pc=0x00007f4ead268134
Event: 1.867 Thread 0x00007f4ebc009800 DEOPT PACKING pc=0x00007f4ead268134 sp=0x00007f4ec5232660
Event: 1.867 Thread 0x00007f4ebc009800 DEOPT UNPACKING pc=0x00007f4ead005229 sp=0x00007f4ec5232560 mode 2
Event: 1.867 Thread 0x00007f4ebc009800 Uncommon trap: trap_request=0xffffffde fr.pc=0x00007f4ead24b730
Event: 1.867 Thread 0x00007f4ebc009800 DEOPT PACKING pc=0x00007f4ead24b730 sp=0x00007f4ec52325f0
Event: 1.867 Thread 0x00007f4ebc009800 DEOPT UNPACKING pc=0x00007f4ead005229 sp=0x00007f4ec5232528 mode 2
Event: 2.052 Executing VM operation: ParallelGCFailedAllocation


Dynamic libraries:
00400000-00401000 r-xp 00000000 08:01 419143                             /usr/lib/jvm/java-8-oracle/bin/java
00600000-00601000 rw-p 00000000 08:01 419143                             /usr/lib/jvm/java-8-oracle/bin/java
02481000-024a2000 rw-p 00000000 00:00 0                                  [heap]
c2800000-c4b00000 rw-p 00000000 00:00 0 
c4b00000-eb800000 ---p 00000000 00:00 0 
eb800000-fc600000 rw-p 00000000 00:00 0 
100000000-1000a0000 rw-p 00000000 00:00 0 
1000a0000-140000000 ---p 00000000 00:00 0 
7f4e6c000000-7f4e6c021000 rw-p 00000000 00:00 0 
7f4e6c021000-7f4e70000000 ---p 00000000 00:00 0 
7f4e70000000-7f4e70021000 rw-p 00000000 00:00 0 
7f4e70021000-7f4e74000000 ---p 00000000 00:00 0 
7f4e74000000-7f4e757c2000 rw-p 00000000 00:00 0 
7f4e757c2000-7f4e78000000 ---p 00000000 00:00 0 
7f4e78000000-7f4e78315000 rw-p 00000000 00:00 0 
7f4e78315000-7f4e7c000000 ---p 00000000 00:00 0 
7f4e7c000000-7f4e7c021000 rw-p 00000000 00:00 0 
7f4e7c021000-7f4e80000000 ---p 00000000 00:00 0 
7f4e80000000-7f4e81670000 rw-p 00000000 00:00 0 
7f4e81670000-7f4e84000000 ---p 00000000 00:00 0 
7f4e84000000-7f4e84021000 rw-p 00000000 00:00 0 
7f4e84021000-7f4e88000000 ---p 00000000 00:00 0 
7f4e88000000-7f4e88021000 rw-p 00000000 00:00 0 
7f4e88021000-7f4e8c000000 ---p 00000000 00:00 0 
7f4e8c000000-7f4e8c021000 rw-p 00000000 00:00 0 
7f4e8c021000-7f4e90000000 ---p 00000000 00:00 0 
7f4e90000000-7f4e9029f000 rw-p 00000000 00:00 0 
7f4e9029f000-7f4e94000000 ---p 00000000 00:00 0 
7f4e94000000-7f4e94021000 rw-p 00000000 00:00 0 
7f4e94021000-7f4e98000000 ---p 00000000 00:00 0 
7f4e9c000000-7f4e9c021000 rw-p 00000000 00:00 0 
7f4e9c021000-7f4ea0000000 ---p 00000000 00:00 0 
7f4ea3140000-7f4ea5000000 rw-p 00000000 00:00 0 
7f4ea7eff000-7f4ea7f00000 ---p 00000000 00:00 0 
7f4ea7f00000-7f4ea8000000 rw-p 00000000 00:00 0 
7f4ea8000000-7f4ea8021000 rw-p 00000000 00:00 0 
7f4ea8021000-7f4eac000000 ---p 00000000 00:00 0 
7f4eac01b000-7f4eac01e000 ---p 00000000 00:00 0 
7f4eac01e000-7f4eac11c000 rw-p 00000000 00:00 0 
7f4eac11c000-7f4eac11f000 ---p 00000000 00:00 0 
7f4eac11f000-7f4eac21d000 rw-p 00000000 00:00 0 
7f4eac21d000-7f4eac220000 ---p 00000000 00:00 0 
7f4eac220000-7f4eac31e000 rw-p 00000000 00:00 0 
7f4eac31e000-7f4eac321000 ---p 00000000 00:00 0 
7f4eac321000-7f4eac41f000 rw-p 00000000 00:00 0 
7f4eac41f000-7f4eac422000 ---p 00000000 00:00 0 
7f4eac422000-7f4eac520000 rw-p 00000000 00:00 0 
7f4eac520000-7f4eac7f8000 r--p 00000000 08:01 288095                     /usr/lib/locale/locale-archive
7f4eac7f8000-7f4eac7fb000 ---p 00000000 00:00 0 
7f4eac7fb000-7f4eac8f9000 rw-p 00000000 00:00 0 
7f4eac8f9000-7f4eac8fc000 ---p 00000000 00:00 0 
7f4eac8fc000-7f4eac9fa000 rw-p 00000000 00:00 0 
7f4eac9fa000-7f4eac9fb000 ---p 00000000 00:00 0 
7f4eac9fb000-7f4ead000000 rw-p 00000000 00:00 0 
7f4ead000000-7f4ead2e0000 rwxp 00000000 00:00 0 
7f4ead2e0000-7f4ebc000000 ---p 00000000 00:00 0 
7f4ebc000000-7f4ebc3bd000 rw-p 00000000 00:00 0 
7f4ebc3bd000-7f4ec0000000 ---p 00000000 00:00 0 
7f4ec0096000-7f4ec00ad000 r--s 00154000 08:01 152797                     /home/huangdoudou/git/softwareReliability/srtool/antlr-4.5.3-complete.jar
7f4ec00ad000-7f4ec0b69000 rw-p 00000000 00:00 0 
7f4ec0b69000-7f4ec0d41000 r--s 03d2a000 08:01 419062                     /usr/lib/jvm/java-8-oracle/jre/lib/rt.jar
7f4ec0d41000-7f4ec12b7000 rw-p 00000000 00:00 0 
7f4ec12b7000-7f4ec15b7000 ---p 00000000 00:00 0 
7f4ec15b7000-7f4ec17a3000 rw-p 00000000 00:00 0 
7f4ec17a3000-7f4ec17a4000 ---p 00000000 00:00 0 
7f4ec17a4000-7f4ec18a4000 rw-p 00000000 00:00 0 
7f4ec18a4000-7f4ec18a5000 ---p 00000000 00:00 0 
7f4ec18a5000-7f4ec19a5000 rw-p 00000000 00:00 0 
7f4ec19a5000-7f4ec19a6000 ---p 00000000 00:00 0 
7f4ec19a6000-7f4ec1aa6000 rw-p 00000000 00:00 0 
7f4ec1aa6000-7f4ec1aa7000 ---p 00000000 00:00 0 
7f4ec1aa7000-7f4ec1bb9000 rw-p 00000000 00:00 0 
7f4ec1bb9000-7f4ec1cef000 ---p 00000000 00:00 0 
7f4ec1cef000-7f4ec1d01000 rw-p 00000000 00:00 0 
7f4ec1d01000-7f4ec1e37000 ---p 00000000 00:00 0 
7f4ec1e37000-7f4ec1ebe000 rw-p 00000000 00:00 0 
7f4ec1ebe000-7f4ec1edb000 ---p 00000000 00:00 0 
7f4ec1edb000-7f4ec1ee8000 rw-p 00000000 00:00 0 
7f4ec1ee8000-7f4ec229c000 ---p 00000000 00:00 0 
7f4ec229c000-7f4ec22b6000 r-xp 00000000 08:01 398989                     /usr/lib/jvm/java-8-oracle/jre/lib/amd64/libzip.so
7f4ec22b6000-7f4ec24b6000 ---p 0001a000 08:01 398989                     /usr/lib/jvm/java-8-oracle/jre/lib/amd64/libzip.so
7f4ec24b6000-7f4ec24b7000 rw-p 0001a000 08:01 398989                     /usr/lib/jvm/java-8-oracle/jre/lib/amd64/libzip.so
7f4ec24b7000-7f4ec24c2000 r-xp 00000000 08:01 405002                     /lib/x86_64-linux-gnu/libnss_files-2.23.so
7f4ec24c2000-7f4ec26c1000 ---p 0000b000 08:01 405002                     /lib/x86_64-linux-gnu/libnss_files-2.23.so
7f4ec26c1000-7f4ec26c2000 r--p 0000a000 08:01 405002                     /lib/x86_64-linux-gnu/libnss_files-2.23.so
7f4ec26c2000-7f4ec26c3000 rw-p 0000b000 08:01 405002                     /lib/x86_64-linux-gnu/libnss_files-2.23.so
7f4ec26c3000-7f4ec26c9000 rw-p 00000000 00:00 0 
7f4ec26c9000-7f4ec26d4000 r-xp 00000000 08:01 404999                     /lib/x86_64-linux-gnu/libnss_nis-2.23.so
7f4ec26d4000-7f4ec28d3000 ---p 0000b000 08:01 404999                     /lib/x86_64-linux-gnu/libnss_nis-2.23.so
7f4ec28d3000-7f4ec28d4000 r--p 0000a000 08:01 404999                     /lib/x86_64-linux-gnu/libnss_nis-2.23.so
7f4ec28d4000-7f4ec28d5000 rw-p 0000b000 08:01 404999                     /lib/x86_64-linux-gnu/libnss_nis-2.23.so
7f4ec28d5000-7f4ec28eb000 r-xp 00000000 08:01 404997                     /lib/x86_64-linux-gnu/libnsl-2.23.so
7f4ec28eb000-7f4ec2aea000 ---p 00016000 08:01 404997                     /lib/x86_64-linux-gnu/libnsl-2.23.so
7f4ec2aea000-7f4ec2aeb000 r--p 00015000 08:01 404997                     /lib/x86_64-linux-gnu/libnsl-2.23.so
7f4ec2aeb000-7f4ec2aec000 rw-p 00016000 08:01 404997                     /lib/x86_64-linux-gnu/libnsl-2.23.so
7f4ec2aec000-7f4ec2aee000 rw-p 00000000 00:00 0 
7f4ec2aee000-7f4ec2af6000 r-xp 00000000 08:01 404995                     /lib/x86_64-linux-gnu/libnss_compat-2.23.so
7f4ec2af6000-7f4ec2cf5000 ---p 00008000 08:01 404995                     /lib/x86_64-linux-gnu/libnss_compat-2.23.so
7f4ec2cf5000-7f4ec2cf6000 r--p 00007000 08:01 404995                     /lib/x86_64-linux-gnu/libnss_compat-2.23.so
7f4ec2cf6000-7f4ec2cf7000 rw-p 00008000 08:01 404995                     /lib/x86_64-linux-gnu/libnss_compat-2.23.so
7f4ec2cf7000-7f4ec2d22000 r-xp 00000000 08:01 398558                     /usr/lib/jvm/java-8-oracle/jre/lib/amd64/libjava.so
7f4ec2d22000-7f4ec2f21000 ---p 0002b000 08:01 398558                     /usr/lib/jvm/java-8-oracle/jre/lib/amd64/libjava.so
7f4ec2f21000-7f4ec2f23000 rw-p 0002a000 08:01 398558                     /usr/lib/jvm/java-8-oracle/jre/lib/amd64/libjava.so
7f4ec2f23000-7f4ec2f30000 r-xp 00000000 08:01 398320                     /usr/lib/jvm/java-8-oracle/jre/lib/amd64/libverify.so
7f4ec2f30000-7f4ec312f000 ---p 0000d000 08:01 398320                     /usr/lib/jvm/java-8-oracle/jre/lib/amd64/libverify.so
7f4ec312f000-7f4ec3131000 rw-p 0000c000 08:01 398320                     /usr/lib/jvm/java-8-oracle/jre/lib/amd64/libverify.so
7f4ec3131000-7f4ec3138000 r-xp 00000000 08:01 405011                     /lib/x86_64-linux-gnu/librt-2.23.so
7f4ec3138000-7f4ec3337000 ---p 00007000 08:01 405011                     /lib/x86_64-linux-gnu/librt-2.23.so
7f4ec3337000-7f4ec3338000 r--p 00006000 08:01 405011                     /lib/x86_64-linux-gnu/librt-2.23.so
7f4ec3338000-7f4ec3339000 rw-p 00007000 08:01 405011                     /lib/x86_64-linux-gnu/librt-2.23.so
7f4ec3339000-7f4ec3441000 r-xp 00000000 08:01 405008                     /lib/x86_64-linux-gnu/libm-2.23.so
7f4ec3441000-7f4ec3640000 ---p 00108000 08:01 405008                     /lib/x86_64-linux-gnu/libm-2.23.so
7f4ec3640000-7f4ec3641000 r--p 00107000 08:01 405008                     /lib/x86_64-linux-gnu/libm-2.23.so
7f4ec3641000-7f4ec3642000 rw-p 00108000 08:01 405008                     /lib/x86_64-linux-gnu/libm-2.23.so
7f4ec3642000-7f4ec430f000 r-xp 00000000 08:01 398961                     /usr/lib/jvm/java-8-oracle/jre/lib/amd64/server/libjvm.so
7f4ec430f000-7f4ec450e000 ---p 00ccd000 08:01 398961                     /usr/lib/jvm/java-8-oracle/jre/lib/amd64/server/libjvm.so
7f4ec450e000-7f4ec45e7000 rw-p 00ccc000 08:01 398961                     /usr/lib/jvm/java-8-oracle/jre/lib/amd64/server/libjvm.so
7f4ec45e7000-7f4ec4632000 rw-p 00000000 00:00 0 
7f4ec4632000-7f4ec47f1000 r-xp 00000000 08:01 405016                     /lib/x86_64-linux-gnu/libc-2.23.so
7f4ec47f1000-7f4ec49f1000 ---p 001bf000 08:01 405016                     /lib/x86_64-linux-gnu/libc-2.23.so
7f4ec49f1000-7f4ec49f5000 r--p 001bf000 08:01 405016                     /lib/x86_64-linux-gnu/libc-2.23.so
7f4ec49f5000-7f4ec49f7000 rw-p 001c3000 08:01 405016                     /lib/x86_64-linux-gnu/libc-2.23.so
7f4ec49f7000-7f4ec49fb000 rw-p 00000000 00:00 0 
7f4ec49fb000-7f4ec49fe000 r-xp 00000000 08:01 405017                     /lib/x86_64-linux-gnu/libdl-2.23.so
7f4ec49fe000-7f4ec4bfd000 ---p 00003000 08:01 405017                     /lib/x86_64-linux-gnu/libdl-2.23.so
7f4ec4bfd000-7f4ec4bfe000 r--p 00002000 08:01 405017                     /lib/x86_64-linux-gnu/libdl-2.23.so
7f4ec4bfe000-7f4ec4bff000 rw-p 00003000 08:01 405017                     /lib/x86_64-linux-gnu/libdl-2.23.so
7f4ec4bff000-7f4ec4c14000 r-xp 00000000 08:01 424295                     /usr/lib/jvm/java-8-oracle/lib/amd64/jli/libjli.so
7f4ec4c14000-7f4ec4e14000 ---p 00015000 08:01 424295                     /usr/lib/jvm/java-8-oracle/lib/amd64/jli/libjli.so
7f4ec4e14000-7f4ec4e15000 rw-p 00015000 08:01 424295                     /usr/lib/jvm/java-8-oracle/lib/amd64/jli/libjli.so
7f4ec4e15000-7f4ec4e2d000 r-xp 00000000 08:01 405015                     /lib/x86_64-linux-gnu/libpthread-2.23.so
7f4ec4e2d000-7f4ec502c000 ---p 00018000 08:01 405015                     /lib/x86_64-linux-gnu/libpthread-2.23.so
7f4ec502c000-7f4ec502d000 r--p 00017000 08:01 405015                     /lib/x86_64-linux-gnu/libpthread-2.23.so
7f4ec502d000-7f4ec502e000 rw-p 00018000 08:01 405015                     /lib/x86_64-linux-gnu/libpthread-2.23.so
7f4ec502e000-7f4ec5032000 rw-p 00000000 00:00 0 
7f4ec5032000-7f4ec5058000 r-xp 00000000 08:01 405012                     /lib/x86_64-linux-gnu/ld-2.23.so
7f4ec505c000-7f4ec5135000 rw-p 00000000 00:00 0 
7f4ec5135000-7f4ec5138000 ---p 00000000 00:00 0 
7f4ec5138000-7f4ec523a000 rw-p 00000000 00:00 0 
7f4ec524b000-7f4ec5253000 rw-s 00000000 08:01 397678                     /tmp/hsperfdata_huangdoudou/14377
7f4ec5253000-7f4ec5254000 rw-p 00000000 00:00 0 
7f4ec5254000-7f4ec5255000 ---p 00000000 00:00 0 
7f4ec5255000-7f4ec5257000 rw-p 00000000 00:00 0 
7f4ec5257000-7f4ec5258000 r--p 00025000 08:01 405012                     /lib/x86_64-linux-gnu/ld-2.23.so
7f4ec5258000-7f4ec5259000 rw-p 00026000 08:01 405012                     /lib/x86_64-linux-gnu/ld-2.23.so
7f4ec5259000-7f4ec525a000 rw-p 00000000 00:00 0 
7ffe39592000-7ffe395b3000 rw-p 00000000 00:00 0                          [stack]
7ffe395b6000-7ffe395b8000 r--p 00000000 00:00 0                          [vvar]
7ffe395b8000-7ffe395ba000 r-xp 00000000 00:00 0                          [vdso]
ffffffffff600000-ffffffffff601000 r-xp 00000000 00:00 0                  [vsyscall]

VM Arguments:
jvm_args: -Dfile.encoding=UTF-8 
java_command: tool.SRTool
java_class_path (initial): /home/huangdoudou/git/softwareReliability/srtool:/home/huangdoudou/git/softwareReliability/srtool/antlr-4.5.3-complete.jar:/home/huangdoudou/git/softwareReliability/srtool/junit-4.12.jar
Launcher Type: SUN_STANDARD

Environment Variables:
JAVA_HOME=/usr/lib/jvm/java-8-oracle
PATH=/usr/local/sbin:/usr/local/bin:/usr/sbin:/usr/bin:/sbin:/bin:/usr/games:/usr/local/games:/snap/bin:/usr/lib/jvm/java-8-oracle/bin:/usr/lib/jvm/java-8-oracle/db/bin:/usr/lib/jvm/java-8-oracle/jre/bin
SHELL=/bin/bash
DISPLAY=:0

Signal Handlers:
SIGSEGV: [libjvm.so+0xac64b0], sa_mask[0]=11111111011111111101111111111110, sa_flags=SA_RESTART|SA_SIGINFO
SIGBUS: [libjvm.so+0xac64b0], sa_mask[0]=11111111011111111101111111111110, sa_flags=SA_RESTART|SA_SIGINFO
SIGFPE: [libjvm.so+0x91f950], sa_mask[0]=11111111011111111101111111111110, sa_flags=SA_RESTART|SA_SIGINFO
SIGPIPE: [libjvm.so+0x91f950], sa_mask[0]=11111111011111111101111111111110, sa_flags=SA_RESTART|SA_SIGINFO
SIGXFSZ: [libjvm.so+0x91f950], sa_mask[0]=11111111011111111101111111111110, sa_flags=SA_RESTART|SA_SIGINFO
SIGILL: [libjvm.so+0x91f950], sa_mask[0]=11111111011111111101111111111110, sa_flags=SA_RESTART|SA_SIGINFO
SIGUSR1: SIG_DFL, sa_mask[0]=00000000000000000000000000000000, sa_flags=none
SIGUSR2: [libjvm.so+0x920f80], sa_mask[0]=00100000000000000000000000000000, sa_flags=SA_RESTART|SA_SIGINFO
SIGHUP: [libjvm.so+0x922380], sa_mask[0]=11111111011111111101111111111110, sa_flags=SA_RESTART|SA_SIGINFO
SIGINT: [libjvm.so+0x922380], sa_mask[0]=11111111011111111101111111111110, sa_flags=SA_RESTART|SA_SIGINFO
SIGTERM: [libjvm.so+0x922380], sa_mask[0]=11111111011111111101111111111110, sa_flags=SA_RESTART|SA_SIGINFO
SIGQUIT: [libjvm.so+0x922380], sa_mask[0]=11111111011111111101111111111110, sa_flags=SA_RESTART|SA_SIGINFO


---------------  S Y S T E M  ---------------

OS:DISTRIB_ID=Ubuntu
DISTRIB_RELEASE=16.04
DISTRIB_CODENAME=xenial
DISTRIB_DESCRIPTION="Ubuntu 16.04.1 LTS"

uname:Linux 4.4.0-47-generic #68-Ubuntu SMP Wed Oct 26 19:39:52 UTC 2016 x86_64
libc:glibc 2.23 NPTL 2.23 
rlimit: STACK 8192k, CORE 0k, NPROC 15579, NOFILE 65536, AS infinity
load average:4.42 2.30 1.06

/proc/meminfo:
MemTotal:        4028840 kB
MemFree:          107192 kB
MemAvailable:       9316 kB
Buffers:            1188 kB
Cached:            17856 kB
SwapCached:         9904 kB
Active:          2830196 kB
Inactive:         900068 kB
Active(anon):    2823444 kB
Inactive(anon):   889792 kB
Active(file):       6752 kB
Inactive(file):    10276 kB
Unevictable:          32 kB
Mlocked:              32 kB
SwapTotal:       1046524 kB
SwapFree:             20 kB
Dirty:               140 kB
Writeback:             0 kB
AnonPages:       3702360 kB
Mapped:            11944 kB
Shmem:              1396 kB
Slab:              80856 kB
SReclaimable:      28476 kB
SUnreclaim:        52380 kB
KernelStack:       12320 kB
PageTables:        40800 kB
NFS_Unstable:          0 kB
Bounce:                0 kB
WritebackTmp:          0 kB
CommitLimit:     3060944 kB
Committed_AS:    6334416 kB
VmallocTotal:   34359738367 kB
VmallocUsed:           0 kB
VmallocChunk:          0 kB
HardwareCorrupted:     0 kB
AnonHugePages:   2791424 kB
CmaTotal:              0 kB
CmaFree:               0 kB
HugePages_Total:       0
HugePages_Free:        0
HugePages_Rsvd:        0
HugePages_Surp:        0
Hugepagesize:       2048 kB
DirectMap4k:      108352 kB
DirectMap2M:     4085760 kB
DirectMap1G:     2097152 kB


CPU:total 4 (1 cores per cpu, 1 threads per core) family 6 model 70 stepping 1, cmov, cx8, fxsr, mmx, sse, sse2, sse3, ssse3, sse4.1, sse4.2, popcnt, avx, avx2, aes, clmul, erms, lzcnt, tsc, tscinvbit, bmi1, bmi2

/proc/cpuinfo:
processor	: 0
vendor_id	: GenuineIntel
cpu family	: 6
model		: 70
model name	: Intel(R) Core(TM) i7-4980HQ CPU @ 2.80GHz
stepping	: 1
microcode	: 0xf
cpu MHz		: 2793.827
cache size	: 6144 KB
physical id	: 0
siblings	: 1
core id		: 0
cpu cores	: 1
apicid		: 0
initial apicid	: 0
fpu		: yes
fpu_exception	: yes
cpuid level	: 13
wp		: yes
flags		: fpu vme de pse tsc msr pae mce cx8 apic sep mtrr pge mca cmov pat pse36 clflush dts mmx fxsr sse sse2 ss syscall nx pdpe1gb rdtscp lm constant_tsc arch_perfmon pebs bts nopl xtopology tsc_reliable nonstop_tsc aperfmperf eagerfpu pni pclmulqdq vmx ssse3 fma cx16 pcid sse4_1 sse4_2 x2apic movbe popcnt tsc_deadline_timer aes xsave avx f16c rdrand hypervisor lahf_lm abm epb tpr_shadow vnmi ept vpid fsgsbase tsc_adjust bmi1 avx2 smep bmi2 invpcid xsaveopt dtherm ida arat pln pts
bugs		:
bogomips	: 5587.65
clflush size	: 64
cache_alignment	: 64
address sizes	: 42 bits physical, 48 bits virtual
power management:

processor	: 1
vendor_id	: GenuineIntel
cpu family	: 6
model		: 70
model name	: Intel(R) Core(TM) i7-4980HQ CPU @ 2.80GHz
stepping	: 1
microcode	: 0xf
cpu MHz		: 2793.827
cache size	: 6144 KB
physical id	: 2
siblings	: 1
core id		: 0
cpu cores	: 1
apicid		: 2
initial apicid	: 2
fpu		: yes
fpu_exception	: yes
cpuid level	: 13
wp		: yes
flags		: fpu vme de pse tsc msr pae mce cx8 apic sep mtrr pge mca cmov pat pse36 clflush dts mmx fxsr sse sse2 ss syscall nx pdpe1gb rdtscp lm constant_tsc arch_perfmon pebs bts nopl xtopology tsc_reliable nonstop_tsc aperfmperf eagerfpu pni pclmulqdq vmx ssse3 fma cx16 pcid sse4_1 sse4_2 x2apic movbe popcnt tsc_deadline_timer aes xsave avx f16c rdrand hypervisor lahf_lm abm epb tpr_shadow vnmi ept vpid fsgsbase tsc_adjust bmi1 avx2 smep bmi2 invpcid xsaveopt dtherm ida arat pln pts
bugs		:
bogomips	: 5587.65
clflush size	: 64
cache_alignment	: 64
address sizes	: 42 bits physical, 48 bits virtual
power management:

processor	: 2
vendor_id	: GenuineIntel
cpu family	: 6
model		: 70
model name	: Intel(R) Core(TM) i7-4980HQ CPU @ 2.80GHz
stepping	: 1
microcode	: 0xf
cpu MHz		: 2793.827
cache size	: 6144 KB
physical id	: 4
siblings	: 1
core id		: 0
cpu cores	: 1
apicid		: 4
initial apicid	: 4
fpu		: yes
fpu_exception	: yes
cpuid level	: 13
wp		: yes
flags		: fpu vme de pse tsc msr pae mce cx8 apic sep mtrr pge mca cmov pat pse36 clflush dts mmx fxsr sse sse2 ss syscall nx pdpe1gb rdtscp lm constant_tsc arch_perfmon pebs bts nopl xtopology tsc_reliable nonstop_tsc aperfmperf eagerfpu pni pclmulqdq vmx ssse3 fma cx16 pcid sse4_1 sse4_2 x2apic movbe popcnt tsc_deadline_timer aes xsave avx f16c rdrand hypervisor lahf_lm abm epb tpr_shadow vnmi ept vpid fsgsbase tsc_adjust bmi1 avx2 smep bmi2 invpcid xsaveopt dtherm ida arat pln pts
bugs		:
bogomips	: 5587.65
clflush size	: 64
cache_alignment	: 64
address sizes	: 42 bits physical, 48 bits virtual
power management:

processor	: 3
vendor_id	: GenuineIntel
cpu family	: 6
model		: 70
model name	: Intel(R) Core(TM) i7-4980HQ CPU @ 2.80GHz
stepping	: 1
microcode	: 0xf
cpu MHz		: 2793.827
cache size	: 6144 KB
physical id	: 6
siblings	: 1
core id		: 0
cpu cores	: 1
apicid		: 6
initial apicid	: 6
fpu		: yes
fpu_exception	: yes
cpuid level	: 13
wp		: yes
flags		: fpu vme de pse tsc msr pae mce cx8 apic sep mtrr pge mca cmov pat pse36 clflush dts mmx fxsr sse sse2 ss syscall nx pdpe1gb rdtscp lm constant_tsc arch_perfmon pebs bts nopl xtopology tsc_reliable nonstop_tsc aperfmperf eagerfpu pni pclmulqdq vmx ssse3 fma cx16 pcid sse4_1 sse4_2 x2apic movbe popcnt tsc_deadline_timer aes xsave avx f16c rdrand hypervisor lahf_lm abm epb tpr_shadow vnmi ept vpid fsgsbase tsc_adjust bmi1 avx2 smep bmi2 invpcid xsaveopt dtherm ida arat pln pts
bugs		:
bogomips	: 5587.65
clflush size	: 64
cache_alignment	: 64
address sizes	: 42 bits physical, 48 bits virtual
power management:



Memory: 4k page, physical 4028840k(107192k free), swap 1046524k(20k free)

vm_info: Java HotSpot(TM) 64-Bit Server VM (25.111-b14) for linux-amd64 JRE (1.8.0_111-b14), built on Sep 22 2016 16:14:03 by "java_re" with gcc 4.3.0 20080428 (Red Hat 4.3.0-8)

time: Sun Nov 20 05:00:10 2016
elapsed time: 2 seconds (0d 0h 0m 2s)

