#
# There is insufficient memory for the Java Runtime Environment to continue.
# Native memory allocation (mmap) failed to map 119013376 bytes for committing reserved memory.
# Possible reasons:
#   The system is out of physical RAM or swap space
#   In 32 bit mode, the process size limit was hit
# Possible solutions:
#   Reduce memory load on the system
#   Increase physical memory or swap space
#   Check if swap backing store is full
#   Use 64 bit Java on a 64 bit OS
#   Decrease Java heap size (-Xmx/-Xms)
#   Decrease number of Java threads
#   Decrease Java thread stack sizes (-Xss)
#   Set larger code cache with -XX:ReservedCodeCacheSize=
# This output file may be truncated or incomplete.
#
#  Out of Memory Error (os_linux.cpp:2627), pid=111439, tid=0x00007fe1f5407700
#
# JRE version: Java(TM) SE Runtime Environment (8.0_111-b14) (build 1.8.0_111-b14)
# Java VM: Java HotSpot(TM) 64-Bit Server VM (25.111-b14 mixed mode linux-amd64 compressed oops)
# Failed to write core dump. Core dumps have been disabled. To enable core dumping, try "ulimit -c unlimited" before starting Java again
#

---------------  T H R E A D  ---------------

Current thread (0x00007fe208077800):  VMThread [stack: 0x00007fe1f5307000,0x00007fe1f5408000] [id=111451]

Stack: [0x00007fe1f5307000,0x00007fe1f5408000],  sp=0x00007fe1f54061a0,  free space=1020k
Native frames: (J=compiled Java code, j=interpreted, Vv=VM code, C=native code)
V  [libjvm.so+0xac5c2a]  VMError::report_and_die()+0x2ba
V  [libjvm.so+0x4fc50b]  report_vm_out_of_memory(char const*, int, unsigned long, VMErrorType, char const*)+0x8b
V  [libjvm.so+0x922ae3]  os::Linux::commit_memory_impl(char*, unsigned long, bool)+0x103
V  [libjvm.so+0x923039]  os::pd_commit_memory(char*, unsigned long, unsigned long, bool)+0x29
V  [libjvm.so+0x91d33a]  os::commit_memory(char*, unsigned long, unsigned long, bool)+0x2a
V  [libjvm.so+0x991ac3]  PSVirtualSpace::expand_by(unsigned long)+0x53
V  [libjvm.so+0x992ec8]  PSYoungGen::resize_generation(unsigned long, unsigned long)+0xf8
V  [libjvm.so+0x992022]  PSYoungGen::resize(unsigned long, unsigned long)+0x22
V  [libjvm.so+0x98f2fb]  PSScavenge::invoke_no_policy()+0xf3b
V  [libjvm.so+0x98fa81]  PSScavenge::invoke()+0x41
V  [libjvm.so+0x9467d0]  ParallelScavengeHeap::failed_mem_allocate(unsigned long)+0x70
V  [libjvm.so+0xac7647]  VM_ParallelGCFailedAllocation::doit()+0x97
V  [libjvm.so+0xacf125]  VM_Operation::evaluate()+0x55
V  [libjvm.so+0xacd4fa]  VMThread::evaluate_operation(VM_Operation*)+0xba
V  [libjvm.so+0xacd87e]  VMThread::loop()+0x1ce
V  [libjvm.so+0xacdcf0]  VMThread::run()+0x70
V  [libjvm.so+0x924ea8]  java_start(Thread*)+0x108

VM_Operation (0x00007fe1f43d1660): ParallelGCFailedAllocation, mode: safepoint, requested by thread 0x00007fe208191800


---------------  P R O C E S S  ---------------

Java Threads: ( => current thread )
  0x00007fe20819c800 JavaThread "Thread-127" [_thread_blocked, id=111630, stack(0x00007fe1f43d3000,0x00007fe1f44d4000)]
  0x00007fe208199000 JavaThread "Thread-126" [_thread_blocked, id=111629, stack(0x00007fe1f45d5000,0x00007fe1f46d6000)]
  0x00007fe208191800 JavaThread "Thread-125" [_thread_blocked, id=111628, stack(0x00007fe1f42d2000,0x00007fe1f43d3000)]
  0x00007fe208187000 JavaThread "Thread-124" [_thread_in_native, id=111627, stack(0x00007fe1f44d4000,0x00007fe1f45d5000)]
  0x00007fe20818f800 JavaThread "process reaper" daemon [_thread_blocked, id=111461, stack(0x00007fe1f47d7000,0x00007fe1f4810000)]
  0x00007fe2080c0800 JavaThread "Service Thread" daemon [_thread_blocked, id=111458, stack(0x00007fe1f4928000,0x00007fe1f4a29000)]
  0x00007fe2080bd000 JavaThread "C1 CompilerThread2" daemon [_thread_blocked, id=111457, stack(0x00007fe1f4a29000,0x00007fe1f4b2a000)]
  0x00007fe2080bb800 JavaThread "C2 CompilerThread1" daemon [_thread_blocked, id=111456, stack(0x00007fe1f4b2a000,0x00007fe1f4c2b000)]
  0x00007fe2080b8800 JavaThread "C2 CompilerThread0" daemon [_thread_blocked, id=111455, stack(0x00007fe1f4c2b000,0x00007fe1f4d2c000)]
  0x00007fe2080b7000 JavaThread "Signal Dispatcher" daemon [_thread_blocked, id=111454, stack(0x00007fe1f4d2c000,0x00007fe1f4e2d000)]
  0x00007fe208084000 JavaThread "Finalizer" daemon [_thread_blocked, id=111453, stack(0x00007fe1f5105000,0x00007fe1f5206000)]
  0x00007fe20807f000 JavaThread "Reference Handler" daemon [_thread_blocked, id=111452, stack(0x00007fe1f5206000,0x00007fe1f5307000)]
  0x00007fe208009800 JavaThread "main" [_thread_blocked, id=111445, stack(0x00007fe20f859000,0x00007fe20f95a000)]

Other Threads:
=>0x00007fe208077800 VMThread [stack: 0x00007fe1f5307000,0x00007fe1f5408000] [id=111451]
  0x00007fe2080c3000 WatcherThread [stack: 0x00007fe1f4827000,0x00007fe1f4928000] [id=111459]

VM state:at safepoint (normal execution)

VM Mutex/Monitor currently owned by a thread:  ([mutex/lock_event])
[0x00007fe208005fd0] Threads_lock - owner thread: 0x00007fe208077800
[0x00007fe2080064d0] Heap_lock - owner thread: 0x00007fe208191800

Heap:
 PSYoungGen      total 205312K, used 351K [0x00000000eb800000, 0x00000000f8c00000, 0x0000000100000000)
  eden space 194048K, 0% used [0x00000000eb800000,0x00000000eb800000,0x00000000f7580000)
  from space 11264K, 3% used [0x00000000f7580000,0x00000000f75d7ec0,0x00000000f8080000)
  to   space 10752K, 0% used [0x00000000f8080000,0x00000000f8080000,0x00000000f8b00000)
 ParOldGen       total 42496K, used 23818K [0x00000000c2800000, 0x00000000c5180000, 0x00000000eb800000)
  object space 42496K, 56% used [0x00000000c2800000,0x00000000c3f42be8,0x00000000c5180000)
 Metaspace       used 5678K, capacity 5948K, committed 6144K, reserved 1056768K
  class space    used 661K, capacity 750K, committed 768K, reserved 1048576K

Card table byte_map: [0x00007fe20c413000,0x00007fe20c600000] byte_map_base: 0x00007fe20bdff000

Marking Bits: (ParMarkBitMap*) 0x00007fe20ed29220
 Begin Bits: [0x00007fe1f6f3e000, 0x00007fe1f7e9e000)
 End Bits:   [0x00007fe1f7e9e000, 0x00007fe1f8dfe000)

Polling page: 0x00007fe20f978000

CodeCache: size=245760Kb used=4473Kb max_used=4480Kb free=241286Kb
 bounds [0x00007fe1f9000000, 0x00007fe1f9470000, 0x00007fe208000000]
 total_blobs=1228 nmethods=952 adapters=190
 compilation: enabled

Compilation events (10 events):
Event: 3.855 Thread 0x00007fe2080bd000  958       1       java.lang.Thread::getPriority (5 bytes)
Event: 3.855 Thread 0x00007fe2080bd000 nmethod 958 0x00007fe1f943b710 code [0x00007fe1f943b860, 0x00007fe1f943b970]
Event: 3.858 Thread 0x00007fe2080bb800 nmethod 956 0x00007fe1f9443290 code [0x00007fe1f9443400, 0x00007fe1f9443858]
Event: 3.998 Thread 0x00007fe2080b8800  959       4       java.lang.StringBuilder::<init> (7 bytes)
Event: 4.002 Thread 0x00007fe2080b8800 nmethod 959 0x00007fe1f9442f90 code [0x00007fe1f94430e0, 0x00007fe1f94431d8]
Event: 4.006 Thread 0x00007fe2080bd000  960       3       java.security.AccessControlContext::combine (205 bytes)
Event: 4.009 Thread 0x00007fe2080bd000 nmethod 960 0x00007fe1f9443f50 code [0x00007fe1f9444140, 0x00007fe1f9444c38]
Event: 4.092 Thread 0x00007fe2080bd000  961       3       org.antlr.v4.runtime.tree.TerminalNodeImpl::accept (8 bytes)
Event: 4.092 Thread 0x00007fe2080bb800  963       4       parser.TestVisitor::visitTernExpr (179 bytes)
Event: 4.093 Thread 0x00007fe2080b8800  964       4       parser.TestVisitor::getUnwindIf (623 bytes)

GC Heap History (10 events):
Event: 0.729 GC heap after
Heap after GC invocations=6 (full 0):
 PSYoungGen      total 64000K, used 1504K [0x00000000eb800000, 0x00000000efb00000, 0x0000000100000000)
  eden space 62464K, 0% used [0x00000000eb800000,0x00000000eb800000,0x00000000ef500000)
  from space 1536K, 97% used [0x00000000ef780000,0x00000000ef8f8030,0x00000000ef900000)
  to   space 2560K, 0% used [0x00000000ef500000,0x00000000ef500000,0x00000000ef780000)
 ParOldGen       total 42496K, used 1848K [0x00000000c2800000, 0x00000000c5180000, 0x00000000eb800000)
  object space 42496K, 4% used [0x00000000c2800000,0x00000000c29ce000,0x00000000c5180000)
 Metaspace       used 3985K, capacity 5336K, committed 5504K, reserved 1056768K
  class space    used 464K, capacity 520K, committed 640K, reserved 1048576K
}
Event: 1.326 GC heap before
{Heap before GC invocations=7 (full 0):
 PSYoungGen      total 64000K, used 63968K [0x00000000eb800000, 0x00000000efb00000, 0x0000000100000000)
  eden space 62464K, 100% used [0x00000000eb800000,0x00000000ef500000,0x00000000ef500000)
  from space 1536K, 97% used [0x00000000ef780000,0x00000000ef8f8030,0x00000000ef900000)
  to   space 2560K, 0% used [0x00000000ef500000,0x00000000ef500000,0x00000000ef780000)
 ParOldGen       total 42496K, used 1848K [0x00000000c2800000, 0x00000000c5180000, 0x00000000eb800000)
  object space 42496K, 4% used [0x00000000c2800000,0x00000000c29ce000,0x00000000c5180000)
 Metaspace       used 3995K, capacity 5336K, committed 5504K, reserved 1056768K
  class space    used 464K, capacity 520K, committed 640K, reserved 1048576K
Event: 1.336 GC heap after
Heap after GC invocations=7 (full 0):
 PSYoungGen      total 65024K, used 2560K [0x00000000eb800000, 0x00000000f3c00000, 0x0000000100000000)
  eden space 62464K, 0% used [0x00000000eb800000,0x00000000eb800000,0x00000000ef500000)
  from space 2560K, 100% used [0x00000000ef500000,0x00000000ef780000,0x00000000ef780000)
  to   space 5120K, 0% used [0x00000000f3700000,0x00000000f3700000,0x00000000f3c00000)
 ParOldGen       total 42496K, used 5834K [0x00000000c2800000, 0x00000000c5180000, 0x00000000eb800000)
  object space 42496K, 13% used [0x00000000c2800000,0x00000000c2db2bc8,0x00000000c5180000)
 Metaspace       used 3995K, capacity 5336K, committed 5504K, reserved 1056768K
  class space    used 464K, capacity 520K, committed 640K, reserved 1048576K
}
Event: 1.587 GC heap before
{Heap before GC invocations=8 (full 0):
 PSYoungGen      total 65024K, used 65024K [0x00000000eb800000, 0x00000000f3c00000, 0x0000000100000000)
  eden space 62464K, 100% used [0x00000000eb800000,0x00000000ef500000,0x00000000ef500000)
  from space 2560K, 100% used [0x00000000ef500000,0x00000000ef780000,0x00000000ef780000)
  to   space 5120K, 0% used [0x00000000f3700000,0x00000000f3700000,0x00000000f3c00000)
 ParOldGen       total 42496K, used 5834K [0x00000000c2800000, 0x00000000c5180000, 0x00000000eb800000)
  object space 42496K, 13% used [0x00000000c2800000,0x00000000c2db2bc8,0x00000000c5180000)
 Metaspace       used 3998K, capacity 5400K, committed 5760K, reserved 1056768K
  class space    used 464K, capacity 520K, committed 640K, reserved 1048576K
Event: 1.616 GC heap after
Heap after GC invocations=8 (full 0):
 PSYoungGen      total 126464K, used 5088K [0x00000000eb800000, 0x00000000f4300000, 0x0000000100000000)
  eden space 121344K, 0% used [0x00000000eb800000,0x00000000eb800000,0x00000000f2e80000)
  from space 5120K, 99% used [0x00000000f3700000,0x00000000f3bf8020,0x00000000f3c00000)
  to   space 8704K, 0% used [0x00000000f2e80000,0x00000000f2e80000,0x00000000f3700000)
 ParOldGen       total 42496K, used 11642K [0x00000000c2800000, 0x00000000c5180000, 0x00000000eb800000)
  object space 42496K, 27% used [0x00000000c2800000,0x00000000c335ebc8,0x00000000c5180000)
 Metaspace       used 3998K, capacity 5400K, committed 5760K, reserved 1056768K
  class space    used 464K, capacity 520K, committed 640K, reserved 1048576K
}
Event: 1.866 GC heap before
{Heap before GC invocations=9 (full 0):
 PSYoungGen      total 126464K, used 126432K [0x00000000eb800000, 0x00000000f4300000, 0x0000000100000000)
  eden space 121344K, 100% used [0x00000000eb800000,0x00000000f2e80000,0x00000000f2e80000)
  from space 5120K, 99% used [0x00000000f3700000,0x00000000f3bf8020,0x00000000f3c00000)
  to   space 8704K, 0% used [0x00000000f2e80000,0x00000000f2e80000,0x00000000f3700000)
 ParOldGen       total 42496K, used 11642K [0x00000000c2800000, 0x00000000c5180000, 0x00000000eb800000)
  object space 42496K, 27% used [0x00000000c2800000,0x00000000c335ebc8,0x00000000c5180000)
 Metaspace       used 4019K, capacity 5400K, committed 5760K, reserved 1056768K
  class space    used 464K, capacity 520K, committed 640K, reserved 1048576K
Event: 1.878 GC heap after
Heap after GC invocations=9 (full 0):
 PSYoungGen      total 130048K, used 8672K [0x00000000eb800000, 0x00000000f8b00000, 0x0000000100000000)
  eden space 121344K, 0% used [0x00000000eb800000,0x00000000eb800000,0x00000000f2e80000)
  from space 8704K, 99% used [0x00000000f2e80000,0x00000000f36f8020,0x00000000f3700000)
  to   space 10752K, 0% used [0x00000000f8080000,0x00000000f8080000,0x00000000f8b00000)
 ParOldGen       total 42496K, used 12018K [0x00000000c2800000, 0x00000000c5180000, 0x00000000eb800000)
  object space 42496K, 28% used [0x00000000c2800000,0x00000000c33bcbc8,0x00000000c5180000)
 Metaspace       used 4019K, capacity 5400K, committed 5760K, reserved 1056768K
  class space    used 464K, capacity 520K, committed 640K, reserved 1048576K
}
Event: 2.239 GC heap before
{Heap before GC invocations=10 (full 0):
 PSYoungGen      total 130048K, used 130016K [0x00000000eb800000, 0x00000000f8b00000, 0x0000000100000000)
  eden space 121344K, 100% used [0x00000000eb800000,0x00000000f2e80000,0x00000000f2e80000)
  from space 8704K, 99% used [0x00000000f2e80000,0x00000000f36f8020,0x00000000f3700000)
  to   space 10752K, 0% used [0x00000000f8080000,0x00000000f8080000,0x00000000f8b00000)
 ParOldGen       total 42496K, used 12018K [0x00000000c2800000, 0x00000000c5180000, 0x00000000eb800000)
  object space 42496K, 28% used [0x00000000c2800000,0x00000000c33bcbc8,0x00000000c5180000)
 Metaspace       used 5588K, capacity 5948K, committed 6144K, reserved 1056768K
  class space    used 661K, capacity 750K, committed 768K, reserved 1048576K
Event: 2.284 GC heap after
Heap after GC invocations=10 (full 0):
 PSYoungGen      total 204800K, used 6961K [0x00000000eb800000, 0x00000000f8c00000, 0x0000000100000000)
  eden space 194048K, 0% used [0x00000000eb800000,0x00000000eb800000,0x00000000f7580000)
  from space 10752K, 64% used [0x00000000f8080000,0x00000000f874c4e8,0x00000000f8b00000)
  to   space 11264K, 0% used [0x00000000f7580000,0x00000000f7580000,0x00000000f8080000)
 ParOldGen       total 42496K, used 16986K [0x00000000c2800000, 0x00000000c5180000, 0x00000000eb800000)
  object space 42496K, 39% used [0x00000000c2800000,0x00000000c3896bd8,0x00000000c5180000)
 Metaspace       used 5588K, capacity 5948K, committed 6144K, reserved 1056768K
  class space    used 661K, capacity 750K, committed 768K, reserved 1048576K
}
Event: 4.101 GC heap before
{Heap before GC invocations=11 (full 0):
 PSYoungGen      total 204800K, used 201009K [0x00000000eb800000, 0x00000000f8c00000, 0x0000000100000000)
  eden space 194048K, 100% used [0x00000000eb800000,0x00000000f7580000,0x00000000f7580000)
  from space 10752K, 64% used [0x00000000f8080000,0x00000000f874c4e8,0x00000000f8b00000)
  to   space 11264K, 0% used [0x00000000f7580000,0x00000000f7580000,0x00000000f8080000)
 ParOldGen       total 42496K, used 16986K [0x00000000c2800000, 0x00000000c5180000, 0x00000000eb800000)
  object space 42496K, 39% used [0x00000000c2800000,0x00000000c3896bd8,0x00000000c5180000)
 Metaspace       used 5678K, capacity 5948K, committed 6144K, reserved 1056768K
  class space    used 661K, capacity 750K, committed 768K, reserved 1048576K

Deoptimization events (10 events):
Event: 1.911 Thread 0x00007fe208009800 Uncommon trap: reason=class_check action=maybe_recompile pc=0x00007fe1f9260108 method=java.util.HashMap.putVal(ILjava/lang/Object;Ljava/lang/Object;ZZ)Ljava/lang/Object; @ 91
Event: 1.934 Thread 0x00007fe208009800 Uncommon trap: reason=bimorphic action=maybe_recompile pc=0x00007fe1f92d91c4 method=java.util.Arrays.equals([Ljava/lang/Object;[Ljava/lang/Object;)Z @ 62
Event: 1.939 Thread 0x00007fe208009800 Uncommon trap: reason=class_check action=maybe_recompile pc=0x00007fe1f9297ca0 method=org.antlr.v4.runtime.misc.Array2DHashSet.getOrAddImpl(Ljava/lang/Object;)Ljava/lang/Object; @ 94
Event: 1.942 Thread 0x00007fe208009800 Uncommon trap: reason=bimorphic action=maybe_recompile pc=0x00007fe1f92d91c4 method=java.util.Arrays.equals([Ljava/lang/Object;[Ljava/lang/Object;)Z @ 62
Event: 1.958 Thread 0x00007fe208009800 Uncommon trap: reason=bimorphic action=maybe_recompile pc=0x00007fe1f92d91c4 method=java.util.Arrays.equals([Ljava/lang/Object;[Ljava/lang/Object;)Z @ 62
Event: 1.959 Thread 0x00007fe208009800 Uncommon trap: reason=bimorphic action=maybe_recompile pc=0x00007fe1f92d91c4 method=java.util.Arrays.equals([Ljava/lang/Object;[Ljava/lang/Object;)Z @ 62
Event: 1.962 Thread 0x00007fe208009800 Uncommon trap: reason=unstable_if action=reinterpret pc=0x00007fe1f915a8e0 method=java.lang.String.indexOf([CII[CIII)I @ 123
Event: 1.968 Thread 0x00007fe208009800 Uncommon trap: reason=unstable_if action=reinterpret pc=0x00007fe1f93251f4 method=java.util.Arrays.equals([Ljava/lang/Object;[Ljava/lang/Object;)Z @ 2
Event: 1.998 Thread 0x00007fe208009800 Uncommon trap: reason=unstable_if action=reinterpret pc=0x00007fe1f91c2890 method=java.util.HashMap.resize()[Ljava/util/HashMap$Node; @ 68
Event: 2.026 Thread 0x00007fe208009800 Uncommon trap: reason=unstable_if action=reinterpret pc=0x00007fe1f931d6bc method=java.lang.String.replace(CC)Ljava/lang/String; @ 26

Internal exceptions (5 events):
Event: 0.030 Thread 0x00007fe208009800 Exception <a 'java/lang/NoSuchMethodError': Method sun.misc.Unsafe.defineClass(Ljava/lang/String;[BII)Ljava/lang/Class; name or signature does not match> (0x00000000eb807c78) thrown at [/HUDSON3/workspace/8-2-build-linux-amd64/jdk8u111/7883/hotspot/src/sh
Event: 0.030 Thread 0x00007fe208009800 Exception <a 'java/lang/NoSuchMethodError': Method sun.misc.Unsafe.prefetchRead(Ljava/lang/Object;J)V name or signature does not match> (0x00000000eb807f60) thrown at [/HUDSON3/workspace/8-2-build-linux-amd64/jdk8u111/7883/hotspot/src/share/vm/prims/jni.c
Event: 1.695 Thread 0x00007fe208009800 Implicit null exception at 0x00007fe1f92899c1 to 0x00007fe1f928dce5
Event: 1.987 Thread 0x00007fe208009800 Exception <a 'java/lang/NoSuchFieldError': method resolution failed> (0x00000000f0079728) thrown at [/HUDSON3/workspace/8-2-build-linux-amd64/jdk8u111/7883/hotspot/src/share/vm/prims/methodHandles.cpp, line 1146]
Event: 1.988 Thread 0x00007fe208009800 Exception <a 'java/lang/NoSuchFieldError': method resolution failed> (0x00000000f0086ac8) thrown at [/HUDSON3/workspace/8-2-build-linux-amd64/jdk8u111/7883/hotspot/src/share/vm/prims/methodHandles.cpp, line 1146]

Events (10 events):
Event: 4.089 Thread 0x00007fe208199000 Thread exited: 0x00007fe208199000
Event: 4.089 Executing VM operation: EnableBiasedLocking
Event: 4.089 Thread 0x00007fe20819c800 Thread exited: 0x00007fe20819c800
Event: 4.089 Thread 0x00007fe208187000 Thread exited: 0x00007fe208187000
Event: 4.091 Executing VM operation: EnableBiasedLocking done
Event: 4.100 Thread 0x00007fe208187000 Thread added: 0x00007fe208187000
Event: 4.100 Thread 0x00007fe208191800 Thread added: 0x00007fe208191800
Event: 4.100 Thread 0x00007fe208199000 Thread added: 0x00007fe208199000
Event: 4.100 Executing VM operation: ParallelGCFailedAllocation
Event: 4.100 Thread 0x00007fe20819c800 Thread added: 0x00007fe20819c800


Dynamic libraries:
00400000-00401000 r-xp 00000000 08:01 419143                             /usr/lib/jvm/java-8-oracle/bin/java
00600000-00601000 rw-p 00000000 08:01 419143                             /usr/lib/jvm/java-8-oracle/bin/java
023f4000-02415000 rw-p 00000000 00:00 0                                  [heap]
c2800000-c5180000 rw-p 00000000 00:00 0 
c5180000-eb800000 ---p 00000000 00:00 0 
eb800000-f8c00000 rw-p 00000000 00:00 0 
ffd80000-100000000 ---p 00000000 00:00 0 
100000000-1000c0000 rw-p 00000000 00:00 0 
1000c0000-140000000 ---p 00000000 00:00 0 
7fe1ac000000-7fe1ac021000 rw-p 00000000 00:00 0 
7fe1ac021000-7fe1b0000000 ---p 00000000 00:00 0 
7fe1b0000000-7fe1b0021000 rw-p 00000000 00:00 0 
7fe1b0021000-7fe1b4000000 ---p 00000000 00:00 0 
7fe1b4000000-7fe1b4021000 rw-p 00000000 00:00 0 
7fe1b4021000-7fe1b8000000 ---p 00000000 00:00 0 
7fe1b8000000-7fe1b8021000 rw-p 00000000 00:00 0 
7fe1b8021000-7fe1bc000000 ---p 00000000 00:00 0 
7fe1bc000000-7fe1bc021000 rw-p 00000000 00:00 0 
7fe1bc021000-7fe1c0000000 ---p 00000000 00:00 0 
7fe1c0000000-7fe1c0021000 rw-p 00000000 00:00 0 
7fe1c0021000-7fe1c4000000 ---p 00000000 00:00 0 
7fe1c4000000-7fe1c4462000 rw-p 00000000 00:00 0 
7fe1c4462000-7fe1c8000000 ---p 00000000 00:00 0 
7fe1c8000000-7fe1c8021000 rw-p 00000000 00:00 0 
7fe1c8021000-7fe1cc000000 ---p 00000000 00:00 0 
7fe1cc000000-7fe1ce9e4000 rw-p 00000000 00:00 0 
7fe1ce9e4000-7fe1d0000000 ---p 00000000 00:00 0 
7fe1d0000000-7fe1d1f53000 rw-p 00000000 00:00 0 
7fe1d1f53000-7fe1d4000000 ---p 00000000 00:00 0 
7fe1d4000000-7fe1d4021000 rw-p 00000000 00:00 0 
7fe1d4021000-7fe1d8000000 ---p 00000000 00:00 0 
7fe1d8000000-7fe1d8021000 rw-p 00000000 00:00 0 
7fe1d8021000-7fe1dc000000 ---p 00000000 00:00 0 
7fe1dc000000-7fe1dc28f000 rw-p 00000000 00:00 0 
7fe1dc28f000-7fe1e0000000 ---p 00000000 00:00 0 
7fe1e0000000-7fe1e0021000 rw-p 00000000 00:00 0 
7fe1e0021000-7fe1e4000000 ---p 00000000 00:00 0 
7fe1e4000000-7fe1e4021000 rw-p 00000000 00:00 0 
7fe1e4021000-7fe1e8000000 ---p 00000000 00:00 0 
7fe1e8000000-7fe1e8021000 rw-p 00000000 00:00 0 
7fe1e8021000-7fe1ec000000 ---p 00000000 00:00 0 
7fe1ec000000-7fe1ec021000 rw-p 00000000 00:00 0 
7fe1ec021000-7fe1f0000000 ---p 00000000 00:00 0 
7fe1f0000000-7fe1f0021000 rw-p 00000000 00:00 0 
7fe1f0021000-7fe1f4000000 ---p 00000000 00:00 0 
7fe1f42d2000-7fe1f42d5000 ---p 00000000 00:00 0 
7fe1f42d5000-7fe1f43d3000 rw-p 00000000 00:00 0 
7fe1f43d3000-7fe1f43d6000 ---p 00000000 00:00 0 
7fe1f43d6000-7fe1f44d4000 rw-p 00000000 00:00 0 
7fe1f44d4000-7fe1f44d7000 ---p 00000000 00:00 0 
7fe1f44d7000-7fe1f45d5000 rw-p 00000000 00:00 0 
7fe1f45d5000-7fe1f45d8000 ---p 00000000 00:00 0 
7fe1f45d8000-7fe1f46d6000 rw-p 00000000 00:00 0 
7fe1f46d6000-7fe1f46d9000 ---p 00000000 00:00 0 
7fe1f46d9000-7fe1f47d7000 rw-p 00000000 00:00 0 
7fe1f47d7000-7fe1f47da000 ---p 00000000 00:00 0 
7fe1f47da000-7fe1f4810000 rw-p 00000000 00:00 0 
7fe1f4810000-7fe1f4827000 r--s 00154000 08:01 152797                     /home/huangdoudou/git/softwareReliability/srtool/antlr-4.5.3-complete.jar
7fe1f4827000-7fe1f4828000 ---p 00000000 00:00 0 
7fe1f4828000-7fe1f4928000 rw-p 00000000 00:00 0 
7fe1f4928000-7fe1f492b000 ---p 00000000 00:00 0 
7fe1f492b000-7fe1f4a29000 rw-p 00000000 00:00 0 
7fe1f4a29000-7fe1f4a2c000 ---p 00000000 00:00 0 
7fe1f4a2c000-7fe1f4b2a000 rw-p 00000000 00:00 0 
7fe1f4b2a000-7fe1f4b2d000 ---p 00000000 00:00 0 
7fe1f4b2d000-7fe1f4c2b000 rw-p 00000000 00:00 0 
7fe1f4c2b000-7fe1f4c2e000 ---p 00000000 00:00 0 
7fe1f4c2e000-7fe1f4d2c000 rw-p 00000000 00:00 0 
7fe1f4d2c000-7fe1f4d2f000 ---p 00000000 00:00 0 
7fe1f4d2f000-7fe1f4e2d000 rw-p 00000000 00:00 0 
7fe1f4e2d000-7fe1f5105000 r--p 00000000 08:01 288095                     /usr/lib/locale/locale-archive
7fe1f5105000-7fe1f5108000 ---p 00000000 00:00 0 
7fe1f5108000-7fe1f5206000 rw-p 00000000 00:00 0 
7fe1f5206000-7fe1f5209000 ---p 00000000 00:00 0 
7fe1f5209000-7fe1f5307000 rw-p 00000000 00:00 0 
7fe1f5307000-7fe1f5308000 ---p 00000000 00:00 0 
7fe1f5308000-7fe1f637a000 rw-p 00000000 00:00 0 
7fe1f637a000-7fe1f6552000 r--s 03d2a000 08:01 419062                     /usr/lib/jvm/java-8-oracle/jre/lib/rt.jar
7fe1f6552000-7fe1f6a92000 rw-p 00000000 00:00 0 
7fe1f6a92000-7fe1f6d52000 ---p 00000000 00:00 0 
7fe1f6d52000-7fe1f8dfe000 rw-p 00000000 00:00 0 
7fe1f8dfe000-7fe1f8dff000 ---p 00000000 00:00 0 
7fe1f8dff000-7fe1f8eff000 rw-p 00000000 00:00 0 
7fe1f8eff000-7fe1f8f00000 ---p 00000000 00:00 0 
7fe1f8f00000-7fe1f9000000 rw-p 00000000 00:00 0 
7fe1f9000000-7fe1f9470000 rwxp 00000000 00:00 0 
7fe1f9470000-7fe208000000 ---p 00000000 00:00 0 
7fe208000000-7fe208427000 rw-p 00000000 00:00 0 
7fe208427000-7fe20c000000 ---p 00000000 00:00 0 
7fe20c004000-7fe20c0c9000 rw-p 00000000 00:00 0 
7fe20c0c9000-7fe20c0ca000 ---p 00000000 00:00 0 
7fe20c0ca000-7fe20c1ca000 rw-p 00000000 00:00 0 
7fe20c1ca000-7fe20c1cb000 ---p 00000000 00:00 0 
7fe20c1cb000-7fe20c2e0000 rw-p 00000000 00:00 0 
7fe20c2e0000-7fe20c413000 ---p 00000000 00:00 0 
7fe20c413000-7fe20c428000 rw-p 00000000 00:00 0 
7fe20c428000-7fe20c55b000 ---p 00000000 00:00 0 
7fe20c55b000-7fe20c5c5000 rw-p 00000000 00:00 0 
7fe20c5c5000-7fe20c5ff000 ---p 00000000 00:00 0 
7fe20c5ff000-7fe20c612000 rw-p 00000000 00:00 0 
7fe20c612000-7fe20c9c0000 ---p 00000000 00:00 0 
7fe20c9c0000-7fe20c9da000 r-xp 00000000 08:01 398989                     /usr/lib/jvm/java-8-oracle/jre/lib/amd64/libzip.so
7fe20c9da000-7fe20cbda000 ---p 0001a000 08:01 398989                     /usr/lib/jvm/java-8-oracle/jre/lib/amd64/libzip.so
7fe20cbda000-7fe20cbdb000 rw-p 0001a000 08:01 398989                     /usr/lib/jvm/java-8-oracle/jre/lib/amd64/libzip.so
7fe20cbdb000-7fe20cbe6000 r-xp 00000000 08:01 405002                     /lib/x86_64-linux-gnu/libnss_files-2.23.so
7fe20cbe6000-7fe20cde5000 ---p 0000b000 08:01 405002                     /lib/x86_64-linux-gnu/libnss_files-2.23.so
7fe20cde5000-7fe20cde6000 r--p 0000a000 08:01 405002                     /lib/x86_64-linux-gnu/libnss_files-2.23.so
7fe20cde6000-7fe20cde7000 rw-p 0000b000 08:01 405002                     /lib/x86_64-linux-gnu/libnss_files-2.23.so
7fe20cde7000-7fe20cded000 rw-p 00000000 00:00 0 
7fe20cded000-7fe20cdf8000 r-xp 00000000 08:01 404999                     /lib/x86_64-linux-gnu/libnss_nis-2.23.so
7fe20cdf8000-7fe20cff7000 ---p 0000b000 08:01 404999                     /lib/x86_64-linux-gnu/libnss_nis-2.23.so
7fe20cff7000-7fe20cff8000 r--p 0000a000 08:01 404999                     /lib/x86_64-linux-gnu/libnss_nis-2.23.so
7fe20cff8000-7fe20cff9000 rw-p 0000b000 08:01 404999                     /lib/x86_64-linux-gnu/libnss_nis-2.23.so
7fe20cff9000-7fe20d00f000 r-xp 00000000 08:01 404997                     /lib/x86_64-linux-gnu/libnsl-2.23.so
7fe20d00f000-7fe20d20e000 ---p 00016000 08:01 404997                     /lib/x86_64-linux-gnu/libnsl-2.23.so
7fe20d20e000-7fe20d20f000 r--p 00015000 08:01 404997                     /lib/x86_64-linux-gnu/libnsl-2.23.so
7fe20d20f000-7fe20d210000 rw-p 00016000 08:01 404997                     /lib/x86_64-linux-gnu/libnsl-2.23.so
7fe20d210000-7fe20d212000 rw-p 00000000 00:00 0 
7fe20d212000-7fe20d21a000 r-xp 00000000 08:01 404995                     /lib/x86_64-linux-gnu/libnss_compat-2.23.so
7fe20d21a000-7fe20d419000 ---p 00008000 08:01 404995                     /lib/x86_64-linux-gnu/libnss_compat-2.23.so
7fe20d419000-7fe20d41a000 r--p 00007000 08:01 404995                     /lib/x86_64-linux-gnu/libnss_compat-2.23.so
7fe20d41a000-7fe20d41b000 rw-p 00008000 08:01 404995                     /lib/x86_64-linux-gnu/libnss_compat-2.23.so
7fe20d41b000-7fe20d446000 r-xp 00000000 08:01 398558                     /usr/lib/jvm/java-8-oracle/jre/lib/amd64/libjava.so
7fe20d446000-7fe20d645000 ---p 0002b000 08:01 398558                     /usr/lib/jvm/java-8-oracle/jre/lib/amd64/libjava.so
7fe20d645000-7fe20d647000 rw-p 0002a000 08:01 398558                     /usr/lib/jvm/java-8-oracle/jre/lib/amd64/libjava.so
7fe20d647000-7fe20d654000 r-xp 00000000 08:01 398320                     /usr/lib/jvm/java-8-oracle/jre/lib/amd64/libverify.so
7fe20d654000-7fe20d853000 ---p 0000d000 08:01 398320                     /usr/lib/jvm/java-8-oracle/jre/lib/amd64/libverify.so
7fe20d853000-7fe20d855000 rw-p 0000c000 08:01 398320                     /usr/lib/jvm/java-8-oracle/jre/lib/amd64/libverify.so
7fe20d855000-7fe20d85c000 r-xp 00000000 08:01 405011                     /lib/x86_64-linux-gnu/librt-2.23.so
7fe20d85c000-7fe20da5b000 ---p 00007000 08:01 405011                     /lib/x86_64-linux-gnu/librt-2.23.so
7fe20da5b000-7fe20da5c000 r--p 00006000 08:01 405011                     /lib/x86_64-linux-gnu/librt-2.23.so
7fe20da5c000-7fe20da5d000 rw-p 00007000 08:01 405011                     /lib/x86_64-linux-gnu/librt-2.23.so
7fe20da5d000-7fe20db65000 r-xp 00000000 08:01 405008                     /lib/x86_64-linux-gnu/libm-2.23.so
7fe20db65000-7fe20dd64000 ---p 00108000 08:01 405008                     /lib/x86_64-linux-gnu/libm-2.23.so
7fe20dd64000-7fe20dd65000 r--p 00107000 08:01 405008                     /lib/x86_64-linux-gnu/libm-2.23.so
7fe20dd65000-7fe20dd66000 rw-p 00108000 08:01 405008                     /lib/x86_64-linux-gnu/libm-2.23.so
7fe20dd66000-7fe20ea33000 r-xp 00000000 08:01 398961                     /usr/lib/jvm/java-8-oracle/jre/lib/amd64/server/libjvm.so
7fe20ea33000-7fe20ec32000 ---p 00ccd000 08:01 398961                     /usr/lib/jvm/java-8-oracle/jre/lib/amd64/server/libjvm.so
7fe20ec32000-7fe20ed0b000 rw-p 00ccc000 08:01 398961                     /usr/lib/jvm/java-8-oracle/jre/lib/amd64/server/libjvm.so
7fe20ed0b000-7fe20ed56000 rw-p 00000000 00:00 0 
7fe20ed56000-7fe20ef15000 r-xp 00000000 08:01 405016                     /lib/x86_64-linux-gnu/libc-2.23.so
7fe20ef15000-7fe20f115000 ---p 001bf000 08:01 405016                     /lib/x86_64-linux-gnu/libc-2.23.so
7fe20f115000-7fe20f119000 r--p 001bf000 08:01 405016                     /lib/x86_64-linux-gnu/libc-2.23.so
7fe20f119000-7fe20f11b000 rw-p 001c3000 08:01 405016                     /lib/x86_64-linux-gnu/libc-2.23.so
7fe20f11b000-7fe20f11f000 rw-p 00000000 00:00 0 
7fe20f11f000-7fe20f122000 r-xp 00000000 08:01 405017                     /lib/x86_64-linux-gnu/libdl-2.23.so
7fe20f122000-7fe20f321000 ---p 00003000 08:01 405017                     /lib/x86_64-linux-gnu/libdl-2.23.so
7fe20f321000-7fe20f322000 r--p 00002000 08:01 405017                     /lib/x86_64-linux-gnu/libdl-2.23.so
7fe20f322000-7fe20f323000 rw-p 00003000 08:01 405017                     /lib/x86_64-linux-gnu/libdl-2.23.so
7fe20f323000-7fe20f338000 r-xp 00000000 08:01 424295                     /usr/lib/jvm/java-8-oracle/lib/amd64/jli/libjli.so
7fe20f338000-7fe20f538000 ---p 00015000 08:01 424295                     /usr/lib/jvm/java-8-oracle/lib/amd64/jli/libjli.so
7fe20f538000-7fe20f539000 rw-p 00015000 08:01 424295                     /usr/lib/jvm/java-8-oracle/lib/amd64/jli/libjli.so
7fe20f539000-7fe20f551000 r-xp 00000000 08:01 405015                     /lib/x86_64-linux-gnu/libpthread-2.23.so
7fe20f551000-7fe20f750000 ---p 00018000 08:01 405015                     /lib/x86_64-linux-gnu/libpthread-2.23.so
7fe20f750000-7fe20f751000 r--p 00017000 08:01 405015                     /lib/x86_64-linux-gnu/libpthread-2.23.so
7fe20f751000-7fe20f752000 rw-p 00018000 08:01 405015                     /lib/x86_64-linux-gnu/libpthread-2.23.so
7fe20f752000-7fe20f756000 rw-p 00000000 00:00 0 
7fe20f756000-7fe20f77c000 r-xp 00000000 08:01 405012                     /lib/x86_64-linux-gnu/ld-2.23.so
7fe20f780000-7fe20f859000 rw-p 00000000 00:00 0 
7fe20f859000-7fe20f85c000 ---p 00000000 00:00 0 
7fe20f85c000-7fe20f95e000 rw-p 00000000 00:00 0 
7fe20f96f000-7fe20f977000 rw-s 00000000 08:01 404626                     /tmp/hsperfdata_huangdoudou/111439
7fe20f977000-7fe20f978000 rw-p 00000000 00:00 0 
7fe20f978000-7fe20f979000 ---p 00000000 00:00 0 
7fe20f979000-7fe20f97b000 rw-p 00000000 00:00 0 
7fe20f97b000-7fe20f97c000 r--p 00025000 08:01 405012                     /lib/x86_64-linux-gnu/ld-2.23.so
7fe20f97c000-7fe20f97d000 rw-p 00026000 08:01 405012                     /lib/x86_64-linux-gnu/ld-2.23.so
7fe20f97d000-7fe20f97e000 rw-p 00000000 00:00 0 
7ffcf1fac000-7ffcf1fcd000 rw-p 00000000 00:00 0                          [stack]
7ffcf1ff4000-7ffcf1ff6000 r--p 00000000 00:00 0                          [vvar]
7ffcf1ff6000-7ffcf1ff8000 r-xp 00000000 00:00 0                          [vdso]
ffffffffff600000-ffffffffff601000 r-xp 00000000 00:00 0                  [vsyscall]

VM Arguments:
jvm_args: -Dfile.encoding=UTF-8 
java_command: tool.SRTool
java_class_path (initial): /home/huangdoudou/git/softwareReliability/srtool:/home/huangdoudou/git/softwareReliability/srtool/antlr-4.5.3-complete.jar:/home/huangdoudou/git/softwareReliability/srtool/junit-4.12.jar
Launcher Type: SUN_STANDARD

Environment Variables:
JAVA_HOME=/usr/lib/jvm/java-8-oracle
PATH=/usr/local/sbin:/usr/local/bin:/usr/sbin:/usr/bin:/sbin:/bin:/usr/games:/usr/local/games:/snap/bin:/usr/lib/jvm/java-8-oracle/bin:/usr/lib/jvm/java-8-oracle/db/bin:/usr/lib/jvm/java-8-oracle/jre/bin
SHELL=/bin/bash
DISPLAY=:0

Signal Handlers:
SIGSEGV: [libjvm.so+0xac64b0], sa_mask[0]=11111111011111111101111111111110, sa_flags=SA_RESTART|SA_SIGINFO
SIGBUS: [libjvm.so+0xac64b0], sa_mask[0]=11111111011111111101111111111110, sa_flags=SA_RESTART|SA_SIGINFO
SIGFPE: [libjvm.so+0x91f950], sa_mask[0]=11111111011111111101111111111110, sa_flags=SA_RESTART|SA_SIGINFO
SIGPIPE: [libjvm.so+0x91f950], sa_mask[0]=11111111011111111101111111111110, sa_flags=SA_RESTART|SA_SIGINFO
SIGXFSZ: [libjvm.so+0x91f950], sa_mask[0]=11111111011111111101111111111110, sa_flags=SA_RESTART|SA_SIGINFO
SIGILL: [libjvm.so+0x91f950], sa_mask[0]=11111111011111111101111111111110, sa_flags=SA_RESTART|SA_SIGINFO
SIGUSR1: SIG_DFL, sa_mask[0]=00000000000000000000000000000000, sa_flags=none
SIGUSR2: [libjvm.so+0x920f80], sa_mask[0]=00100000000000000000000000000000, sa_flags=SA_RESTART|SA_SIGINFO
SIGHUP: [libjvm.so+0x922380], sa_mask[0]=11111111011111111101111111111110, sa_flags=SA_RESTART|SA_SIGINFO
SIGINT: [libjvm.so+0x922380], sa_mask[0]=11111111011111111101111111111110, sa_flags=SA_RESTART|SA_SIGINFO
SIGTERM: [libjvm.so+0x922380], sa_mask[0]=11111111011111111101111111111110, sa_flags=SA_RESTART|SA_SIGINFO
SIGQUIT: [libjvm.so+0x922380], sa_mask[0]=11111111011111111101111111111110, sa_flags=SA_RESTART|SA_SIGINFO


---------------  S Y S T E M  ---------------

OS:DISTRIB_ID=Ubuntu
DISTRIB_RELEASE=16.04
DISTRIB_CODENAME=xenial
DISTRIB_DESCRIPTION="Ubuntu 16.04.1 LTS"

uname:Linux 4.4.0-47-generic #68-Ubuntu SMP Wed Oct 26 19:39:52 UTC 2016 x86_64
libc:glibc 2.23 NPTL 2.23 
rlimit: STACK 8192k, CORE 0k, NPROC 15579, NOFILE 65536, AS infinity
load average:0.69 0.60 0.37

/proc/meminfo:
MemTotal:        4028840 kB
MemFree:          117124 kB
MemAvailable:      35972 kB
Buffers:            1784 kB
Cached:            57020 kB
SwapCached:          836 kB
Active:          2759520 kB
Inactive:         935060 kB
Active(anon):    2743024 kB
Inactive(anon):   907388 kB
Active(file):      16496 kB
Inactive(file):    27672 kB
Unevictable:          32 kB
Mlocked:              32 kB
SwapTotal:       1046524 kB
SwapFree:            140 kB
Dirty:                88 kB
Writeback:             4 kB
AnonPages:       3636444 kB
Mapped:            39112 kB
Shmem:             13660 kB
Slab:              92804 kB
SReclaimable:      34788 kB
SUnreclaim:        58016 kB
KernelStack:       14800 kB
PageTables:        49704 kB
NFS_Unstable:          0 kB
Bounce:                0 kB
WritebackTmp:          0 kB
CommitLimit:     3060944 kB
Committed_AS:    8212000 kB
VmallocTotal:   34359738367 kB
VmallocUsed:           0 kB
VmallocChunk:          0 kB
HardwareCorrupted:     0 kB
AnonHugePages:   2150400 kB
CmaTotal:              0 kB
CmaFree:               0 kB
HugePages_Total:       0
HugePages_Free:        0
HugePages_Rsvd:        0
HugePages_Surp:        0
Hugepagesize:       2048 kB
DirectMap4k:      145216 kB
DirectMap2M:     4048896 kB
DirectMap1G:     2097152 kB


CPU:total 4 (1 cores per cpu, 1 threads per core) family 6 model 70 stepping 1, cmov, cx8, fxsr, mmx, sse, sse2, sse3, ssse3, sse4.1, sse4.2, popcnt, avx, avx2, aes, clmul, erms, lzcnt, tsc, tscinvbit, bmi1, bmi2

/proc/cpuinfo:
processor	: 0
vendor_id	: GenuineIntel
cpu family	: 6
model		: 70
model name	: Intel(R) Core(TM) i7-4980HQ CPU @ 2.80GHz
stepping	: 1
microcode	: 0xf
cpu MHz		: 2793.827
cache size	: 6144 KB
physical id	: 0
siblings	: 1
core id		: 0
cpu cores	: 1
apicid		: 0
initial apicid	: 0
fpu		: yes
fpu_exception	: yes
cpuid level	: 13
wp		: yes
flags		: fpu vme de pse tsc msr pae mce cx8 apic sep mtrr pge mca cmov pat pse36 clflush dts mmx fxsr sse sse2 ss syscall nx pdpe1gb rdtscp lm constant_tsc arch_perfmon pebs bts nopl xtopology tsc_reliable nonstop_tsc aperfmperf eagerfpu pni pclmulqdq vmx ssse3 fma cx16 pcid sse4_1 sse4_2 x2apic movbe popcnt tsc_deadline_timer aes xsave avx f16c rdrand hypervisor lahf_lm abm epb tpr_shadow vnmi ept vpid fsgsbase tsc_adjust bmi1 avx2 smep bmi2 invpcid xsaveopt dtherm ida arat pln pts
bugs		:
bogomips	: 5587.65
clflush size	: 64
cache_alignment	: 64
address sizes	: 42 bits physical, 48 bits virtual
power management:

processor	: 1
vendor_id	: GenuineIntel
cpu family	: 6
model		: 70
model name	: Intel(R) Core(TM) i7-4980HQ CPU @ 2.80GHz
stepping	: 1
microcode	: 0xf
cpu MHz		: 2793.827
cache size	: 6144 KB
physical id	: 2
siblings	: 1
core id		: 0
cpu cores	: 1
apicid		: 2
initial apicid	: 2
fpu		: yes
fpu_exception	: yes
cpuid level	: 13
wp		: yes
flags		: fpu vme de pse tsc msr pae mce cx8 apic sep mtrr pge mca cmov pat pse36 clflush dts mmx fxsr sse sse2 ss syscall nx pdpe1gb rdtscp lm constant_tsc arch_perfmon pebs bts nopl xtopology tsc_reliable nonstop_tsc aperfmperf eagerfpu pni pclmulqdq vmx ssse3 fma cx16 pcid sse4_1 sse4_2 x2apic movbe popcnt tsc_deadline_timer aes xsave avx f16c rdrand hypervisor lahf_lm abm epb tpr_shadow vnmi ept vpid fsgsbase tsc_adjust bmi1 avx2 smep bmi2 invpcid xsaveopt dtherm ida arat pln pts
bugs		:
bogomips	: 5587.65
clflush size	: 64
cache_alignment	: 64
address sizes	: 42 bits physical, 48 bits virtual
power management:

processor	: 2
vendor_id	: GenuineIntel
cpu family	: 6
model		: 70
model name	: Intel(R) Core(TM) i7-4980HQ CPU @ 2.80GHz
stepping	: 1
microcode	: 0xf
cpu MHz		: 2793.827
cache size	: 6144 KB
physical id	: 4
siblings	: 1
core id		: 0
cpu cores	: 1
apicid		: 4
initial apicid	: 4
fpu		: yes
fpu_exception	: yes
cpuid level	: 13
wp		: yes
flags		: fpu vme de pse tsc msr pae mce cx8 apic sep mtrr pge mca cmov pat pse36 clflush dts mmx fxsr sse sse2 ss syscall nx pdpe1gb rdtscp lm constant_tsc arch_perfmon pebs bts nopl xtopology tsc_reliable nonstop_tsc aperfmperf eagerfpu pni pclmulqdq vmx ssse3 fma cx16 pcid sse4_1 sse4_2 x2apic movbe popcnt tsc_deadline_timer aes xsave avx f16c rdrand hypervisor lahf_lm abm epb tpr_shadow vnmi ept vpid fsgsbase tsc_adjust bmi1 avx2 smep bmi2 invpcid xsaveopt dtherm ida arat pln pts
bugs		:
bogomips	: 5587.65
clflush size	: 64
cache_alignment	: 64
address sizes	: 42 bits physical, 48 bits virtual
power management:

processor	: 3
vendor_id	: GenuineIntel
cpu family	: 6
model		: 70
model name	: Intel(R) Core(TM) i7-4980HQ CPU @ 2.80GHz
stepping	: 1
microcode	: 0xf
cpu MHz		: 2793.827
cache size	: 6144 KB
physical id	: 6
siblings	: 1
core id		: 0
cpu cores	: 1
apicid		: 6
initial apicid	: 6
fpu		: yes
fpu_exception	: yes
cpuid level	: 13
wp		: yes
flags		: fpu vme de pse tsc msr pae mce cx8 apic sep mtrr pge mca cmov pat pse36 clflush dts mmx fxsr sse sse2 ss syscall nx pdpe1gb rdtscp lm constant_tsc arch_perfmon pebs bts nopl xtopology tsc_reliable nonstop_tsc aperfmperf eagerfpu pni pclmulqdq vmx ssse3 fma cx16 pcid sse4_1 sse4_2 x2apic movbe popcnt tsc_deadline_timer aes xsave avx f16c rdrand hypervisor lahf_lm abm epb tpr_shadow vnmi ept vpid fsgsbase tsc_adjust bmi1 avx2 smep bmi2 invpcid xsaveopt dtherm ida arat pln pts
bugs		:
bogomips	: 5587.65
clflush size	: 64
cache_alignment	: 64
address sizes	: 42 bits physical, 48 bits virtual
power management:



Memory: 4k page, physical 4028840k(116876k free), swap 1046524k(148k free)

vm_info: Java HotSpot(TM) 64-Bit Server VM (25.111-b14) for linux-amd64 JRE (1.8.0_111-b14), built on Sep 22 2016 16:14:03 by "java_re" with gcc 4.3.0 20080428 (Red Hat 4.3.0-8)

time: Wed Nov 23 21:24:08 2016
elapsed time: 4 seconds (0d 0h 0m 4s)

